2022-09-24T16:00:22.530Z - info: [12:00:22 am] Reload for file change: C:\repos\nus-cs2103\cs2103-website-base\admin\overview-for-teachers.md
2022-09-24T16:00:22.549Z - info: Synchronizing opened pages list before reload
2022-09-24T16:00:22.549Z - info: Current opened pages, from most-to-least recent:
2022-09-24T16:00:22.550Z - info: 1. admin/overview-for-teachers
2022-09-24T16:00:23.562Z - info: Rebuilding 1 pages
2022-09-24T16:00:23.805Z - info: Site data built
2022-09-24T16:00:23.805Z - info: Pages rebuilt
2022-09-24T16:00:23.806Z - info: Website regeneration complete! Total build time: 0.244s
2022-09-24T16:01:12.135Z - info: [12:01:12 am] Reload for file change: C:\repos\nus-cs2103\cs2103-website-base\admin\overview-for-teachers.md
2022-09-24T16:01:12.135Z - info: Synchronizing opened pages list before reload
2022-09-24T16:01:12.135Z - info: Current opened pages, from most-to-least recent:
2022-09-24T16:01:12.135Z - info: 1. admin/overview-for-teachers
2022-09-24T16:01:13.156Z - info: Rebuilding 1 pages
2022-09-24T16:01:13.374Z - info: Site data built
2022-09-24T16:01:13.374Z - info: Pages rebuilt
2022-09-24T16:01:13.374Z - info: Website regeneration complete! Total build time: 0.22s
2022-09-24T16:02:49.956Z - info: [12:02:49 am] Reload for file change: C:\repos\nus-cs2103\cs2103-website-base\admin\overview-for-teachers.md
2022-09-24T16:02:49.956Z - info: Synchronizing opened pages list before reload
2022-09-24T16:02:49.956Z - info: Current opened pages, from most-to-least recent:
2022-09-24T16:02:49.956Z - info: 1. admin/overview-for-teachers
2022-09-24T16:02:50.969Z - info: Rebuilding 1 pages
2022-09-24T16:02:51.152Z - info: Site data built
2022-09-24T16:02:51.152Z - info: Pages rebuilt
2022-09-24T16:02:51.153Z - info: Website regeneration complete! Total build time: 0.184s
2022-09-24T16:09:11.658Z - info: [12:09:11 am] Reload for file change: C:\repos\nus-cs2103\cs2103-website-base\admin\overview-for-teachers.md
2022-09-24T16:09:11.658Z - info: Synchronizing opened pages list before reload
2022-09-24T16:09:11.658Z - info: Current opened pages, from most-to-least recent:
2022-09-24T16:09:11.658Z - info: 1. admin/overview-for-teachers
2022-09-24T16:09:12.668Z - info: Rebuilding 1 pages
2022-09-24T16:09:12.971Z - info: Site data built
2022-09-24T16:09:12.971Z - info: Pages rebuilt
2022-09-24T16:09:12.971Z - info: Website regeneration complete! Total build time: 0.303s
2022-09-24T16:10:04.491Z - info: [12:10:04 am] Reload for file change: C:\repos\nus-cs2103\cs2103-website-base\admin\overview-for-teachers.md
2022-09-24T16:10:04.491Z - info: Synchronizing opened pages list before reload
2022-09-24T16:10:04.491Z - info: Current opened pages, from most-to-least recent:
2022-09-24T16:10:04.491Z - info: 1. admin/overview-for-teachers
2022-09-24T16:10:05.508Z - info: Rebuilding 1 pages
2022-09-24T16:10:05.697Z - info: Site data built
2022-09-24T16:10:05.697Z - info: Pages rebuilt
2022-09-24T16:10:05.697Z - info: Website regeneration complete! Total build time: 0.19s
2022-09-24T16:10:16.158Z - info: [12:10:16 am] Reload for file change: C:\repos\nus-cs2103\cs2103-website-base\admin\overview-for-teachers.md
2022-09-24T16:10:16.158Z - info: Synchronizing opened pages list before reload
2022-09-24T16:10:16.159Z - info: Current opened pages, from most-to-least recent:
2022-09-24T16:10:16.159Z - info: 1. admin/overview-for-teachers
2022-09-24T16:10:17.165Z - info: Rebuilding 1 pages
2022-09-24T16:10:17.336Z - info: Site data built
2022-09-24T16:10:17.336Z - info: Pages rebuilt
2022-09-24T16:10:17.336Z - info: Website regeneration complete! Total build time: 0.171s
2022-09-24T16:12:18.827Z - info: [12:12:18 am] Reload for file change: C:\repos\nus-cs2103\cs2103-website-base\admin\overview-for-teachers.md
2022-09-24T16:12:18.828Z - info: Synchronizing opened pages list before reload
2022-09-24T16:12:18.828Z - info: Current opened pages, from most-to-least recent:
2022-09-24T16:12:18.828Z - info: 1. admin/overview-for-teachers
2022-09-24T16:12:19.848Z - info: Rebuilding 1 pages
2022-09-24T16:12:20.074Z - info: Site data built
2022-09-24T16:12:20.075Z - info: Pages rebuilt
2022-09-24T16:12:20.075Z - info: Website regeneration complete! Total build time: 0.227s
2022-09-24T16:15:15.719Z - info: [12:15:15 am] Reload for file change: C:\repos\nus-cs2103\cs2103-website-base\admin\overview-for-teachers.md
2022-09-24T16:15:15.719Z - info: Synchronizing opened pages list before reload
2022-09-24T16:15:15.719Z - info: Current opened pages, from most-to-least recent:
2022-09-24T16:15:15.720Z - info: 1. admin/overview-for-teachers
2022-09-24T16:15:16.741Z - info: Rebuilding 1 pages
2022-09-24T16:15:16.961Z - info: Site data built
2022-09-24T16:15:16.961Z - info: Pages rebuilt
2022-09-24T16:15:16.961Z - info: Website regeneration complete! Total build time: 0.221s
2022-09-24T16:15:28.514Z - info: Building C:\repos\nus-cs2103\cs2103-website-base\admin\ip-grading as some of its dependencies were changed since the last visit
2022-09-24T16:15:28.890Z - info: Site data built
2022-09-24T16:15:28.891Z - info: Lazy website regeneration complete! Total build time: 0.377s
2022-09-24T16:15:52.843Z - info: [12:15:52 am] Reload for file change: C:\repos\nus-cs2103\cs2103-website-base\admin\overview-for-teachers.md
2022-09-24T16:15:52.843Z - info: Synchronizing opened pages list before reload
2022-09-24T16:15:52.843Z - info: Current opened pages, from most-to-least recent:
2022-09-24T16:15:52.843Z - info: 1. admin/ip-grading
2022-09-24T16:15:53.866Z - info: No pages needed to be rebuilt
2022-09-24T16:19:22.783Z - info: [12:19:22 am] Reload for file change: C:\repos\nus-cs2103\cs2103-website-base\admin\overview-for-teachers.md
2022-09-24T16:19:22.784Z - info: Synchronizing opened pages list before reload
2022-09-24T16:19:22.784Z - info: Current opened pages, from most-to-least recent:
2022-09-24T16:19:22.784Z - info: 1. admin/overview-for-teachers
2022-09-24T16:19:23.790Z - info: Rebuilding 1 pages
2022-09-24T16:19:23.993Z - info: Site data built
2022-09-24T16:19:23.993Z - info: Pages rebuilt
2022-09-24T16:19:23.994Z - info: Website regeneration complete! Total build time: 0.205s
2022-09-24T16:19:34.002Z - info: [12:19:34 am] Reload for file change: C:\repos\nus-cs2103\cs2103-website-base\admin\overview-for-teachers.md
2022-09-24T16:19:34.002Z - info: Synchronizing opened pages list before reload
2022-09-24T16:19:34.002Z - info: Current opened pages, from most-to-least recent:
2022-09-24T16:19:34.002Z - info: 1. admin/tp-grading
2022-09-24T16:19:35.012Z - info: No pages needed to be rebuilt
2022-09-24T16:19:45.948Z - info: Building C:\repos\nus-cs2103\cs2103-website-base\admin\overview-for-teachers as some of its dependencies were changed since the last visit
2022-09-24T16:19:46.154Z - info: Site data built
2022-09-24T16:19:46.154Z - info: Lazy website regeneration complete! Total build time: 0.206s
2022-09-24T16:20:03.469Z - info: [12:20:03 am] Reload for file change: C:\repos\nus-cs2103\cs2103-website-base\admin\overview-for-teachers.md
2022-09-24T16:20:03.469Z - info: Synchronizing opened pages list before reload
2022-09-24T16:20:03.469Z - info: Current opened pages, from most-to-least recent:
2022-09-24T16:20:03.469Z - info: 1. admin/tp-grading
2022-09-24T16:20:03.469Z - info: 2. admin/overview-for-teachers
2022-09-24T16:20:04.478Z - info: Rebuilding 1 pages
2022-09-24T16:20:04.653Z - info: Site data built
2022-09-24T16:20:04.653Z - info: Pages rebuilt
2022-09-24T16:20:04.653Z - info: Website regeneration complete! Total build time: 0.177s
2022-09-24T16:21:08.998Z - info: [12:21:08 am] Reload for file change: C:\repos\nus-cs2103\cs2103-website-base\admin\overview-for-teachers.md
2022-09-24T16:21:08.998Z - info: Synchronizing opened pages list before reload
2022-09-24T16:21:08.998Z - info: Current opened pages, from most-to-least recent:
2022-09-24T16:21:08.998Z - info: 1. admin/overview-for-teachers
2022-09-24T16:21:10.006Z - info: Rebuilding 1 pages
2022-09-24T16:21:10.303Z - info: Site data built
2022-09-24T16:21:10.303Z - info: Pages rebuilt
2022-09-24T16:21:10.304Z - info: Website regeneration complete! Total build time: 0.299s
2022-09-24T17:03:56.462Z - info: Website generation started at 1:03:52 am
2022-09-24T17:04:12.889Z - info: Building assets...
