2022-07-16T16:00:53.051Z - debug:  
2022-07-16T16:01:10.388Z - debug:  
2022-07-16T16:01:10.388Z - debug:  
2022-07-16T16:01:18.848Z - info: Pages built
2022-07-16T16:01:20.487Z - info: Site data built
2022-07-16T16:01:20.487Z - info: Website generation complete! Total build time: 180.985s
2022-07-16T16:01:20.488Z - info: Build success!
2022-07-16T16:04:06.249Z - info: The website has been deployed at: https://nus-cs2103-ay2223s1.github.io/website
2022-07-16T17:36:44.236Z - info: Website generation (lazy) started at 1:36:41 am
2022-07-16T17:36:55.552Z - info: Building assets...
2022-07-16T17:37:03.697Z - info: Assets built
2022-07-16T17:37:03.698Z - info: Generating landing page...
2022-07-16T17:37:04.833Z - info: Landing page built, other pages will be built as you navigate to them!
2022-07-16T17:37:05.997Z - info: Site data built
2022-07-16T17:37:05.998Z - info: Website generation (lazy) complete! Total build time: 24.899s
2022-07-16T17:37:06.989Z - info: Serving "C:\repos\nus-cs2103\cs2103-website-base\_site" at http://127.0.0.1:8080
2022-07-16T17:37:06.990Z - info: Press CTRL+C to stop ...
2022-07-16T17:38:53.062Z - info: [1:38:53 am] Reload for file change: C:\repos\nus-cs2103\cs2103-website-base\_markbind\variables.md
2022-07-16T17:38:53.065Z - info: Synchronizing opened pages list before reload
2022-07-16T17:38:53.066Z - info: Current opened pages, from most-to-least recent:
2022-07-16T17:38:53.066Z - info: 1. index
2022-07-16T17:38:54.182Z - warn: Rebuilding all pages as variables file was changed, or the --force-reload flag was set
2022-07-16T17:38:54.189Z - info: Rebuilding 1 pages
2022-07-16T17:38:55.139Z - info: Site data built
2022-07-16T17:38:55.140Z - info: Pages rebuilt
2022-07-16T17:38:55.140Z - info: Website regeneration complete! Total build time: 1.061s
2022-07-16T17:39:47.400Z - info: Website generation (lazy) started at 1:39:46 am
2022-07-16T17:39:56.032Z - info: Building assets...
2022-07-16T17:40:02.638Z - info: Assets built
2022-07-16T17:40:02.639Z - info: Generating landing page...
2022-07-16T17:40:03.565Z - info: Landing page built, other pages will be built as you navigate to them!
2022-07-16T17:40:04.149Z - info: Site data built
2022-07-16T17:40:04.149Z - info: Website generation (lazy) complete! Total build time: 18.023s
2022-07-16T17:40:04.954Z - info: Serving "C:\repos\nus-cs2103\cs2103-website-base\_site" at http://127.0.0.1:8080
2022-07-16T17:40:04.954Z - info: Press CTRL+C to stop ...
2022-07-16T17:41:00.755Z - info: [1:41:00 am] Reload for file change: C:\repos\nus-cs2103\cs2103-website-base\site.json
2022-07-16T17:41:00.756Z - info: Synchronizing opened pages list before reload
2022-07-16T17:41:00.756Z - info: Current opened pages, from most-to-least recent:
2022-07-16T17:41:00.757Z - info: 1. index
2022-07-16T17:41:07.684Z - info: Pages or site config modified, updating pages...
2022-07-16T17:41:13.407Z - info: Building C:\repos\nus-cs2103\cs2103-website-base\index as some of its dependencies were changed since the last visit
2022-07-16T17:41:14.261Z - info: Site data built
2022-07-16T17:41:14.262Z - info: Lazy website regeneration complete! Total build time: 0.855s
2022-07-16T17:41:14.274Z - info: Site data built
2022-07-16T17:42:45.568Z - info: [1:42:45 am] Reload for file change: C:\repos\nus-cs2103\cs2103-website-base\site.json
2022-07-16T17:42:45.568Z - info: Synchronizing opened pages list before reload
2022-07-16T17:42:45.568Z - info: Current opened pages, from most-to-least recent:
2022-07-16T17:42:45.569Z - info: 1. index
2022-07-16T17:42:54.112Z - info: No pages needed to be rebuilt
2022-07-16T17:43:39.332Z - info: Website generation (lazy) started at 1:43:38 am
2022-07-16T17:43:49.307Z - info: Building assets...
2022-07-16T17:43:56.141Z - info: Assets built
2022-07-16T17:43:56.142Z - info: Generating landing page...
2022-07-16T17:43:57.273Z - info: Landing page built, other pages will be built as you navigate to them!
2022-07-16T17:43:58.452Z - info: Site data built
2022-07-16T17:43:58.453Z - info: Website generation (lazy) complete! Total build time: 20.353s
2022-07-16T17:43:59.484Z - info: Serving "C:\repos\nus-cs2103\cs2103-website-base\_site" at http://127.0.0.1:8080
2022-07-16T17:43:59.485Z - info: Press CTRL+C to stop ...
2022-07-16T17:45:39.728Z - info: [1:45:39 am] Reload for file change: C:\repos\nus-cs2103\cs2103-website-base\site.json
2022-07-16T17:45:39.729Z - info: Synchronizing opened pages list before reload
2022-07-16T17:45:39.729Z - info: Current opened pages, from most-to-least recent:
2022-07-16T17:45:39.730Z - info: 1. index
2022-07-16T17:45:45.894Z - info: Pages or site config modified, updating pages...
2022-07-16T17:45:50.723Z - info: Building C:\repos\nus-cs2103\cs2103-website-base\index as some of its dependencies were changed since the last visit
2022-07-16T17:45:51.419Z - info: Site data built
2022-07-16T17:45:51.419Z - info: Lazy website regeneration complete! Total build time: 0.696s
2022-07-16T17:45:51.430Z - info: Site data built
2022-07-16T17:47:39.500Z - info: [1:47:39 am] Reload for file change: C:\repos\nus-cs2103\cs2103-website-base\site.json
2022-07-16T17:47:39.501Z - info: Synchronizing opened pages list before reload
2022-07-16T17:47:39.501Z - info: Current opened pages, from most-to-least recent:
2022-07-16T17:47:39.501Z - info: 1. index
2022-07-16T17:47:47.014Z - info: No pages needed to be rebuilt
2022-07-16T17:48:42.582Z - info: Website generation (lazy) started at 1:48:41 am
2022-07-16T17:48:52.203Z - info: Building assets...
2022-07-16T17:48:58.414Z - info: Assets built
2022-07-16T17:48:58.415Z - info: Generating landing page...
2022-07-16T17:48:59.363Z - info: Landing page built, other pages will be built as you navigate to them!
2022-07-16T17:49:00.233Z - info: Site data built
2022-07-16T17:49:00.233Z - info: Website generation (lazy) complete! Total build time: 18.818s
2022-07-16T17:49:01.158Z - info: Serving "C:\repos\nus-cs2103\cs2103-website-base\_site" at http://127.0.0.1:8080
2022-07-16T17:49:01.158Z - info: Press CTRL+C to stop ...
2022-07-16T17:55:43.432Z - info: [1:55:43 am] Reload for file change: C:\repos\nus-cs2103\cs2103-website-base\site.json
2022-07-16T17:55:43.432Z - info: Synchronizing opened pages list before reload
2022-07-16T17:55:43.433Z - info: Current opened pages, from most-to-least recent:
2022-07-16T17:55:43.433Z - info: 1. index
2022-07-16T17:55:51.998Z - info: No pages needed to be rebuilt
2022-07-16T18:00:50.552Z - info: Website generation (lazy) started at 2:00:49 am
2022-07-16T18:01:00.641Z - info: Building assets...
2022-07-16T18:01:07.459Z - info: Assets built
2022-07-16T18:01:07.460Z - info: Generating landing page...
2022-07-16T18:01:08.664Z - info: Landing page built, other pages will be built as you navigate to them!
2022-07-16T18:01:09.716Z - info: Site data built
2022-07-16T18:01:09.716Z - info: Website generation (lazy) complete! Total build time: 20.288s
2022-07-16T18:01:10.766Z - info: Serving "C:\repos\nus-cs2103\cs2103-website-base\_site" at http://127.0.0.1:8080
2022-07-16T18:01:10.766Z - info: Press CTRL+C to stop ...
2022-07-17T07:49:06.819Z - info: Website generation (lazy) started at 3:49:04 pm
2022-07-17T07:49:17.294Z - info: Building assets...
2022-07-17T07:49:23.922Z - info: Assets built
2022-07-17T07:49:23.923Z - info: Generating landing page...
2022-07-17T07:49:25.114Z - info: Landing page built, other pages will be built as you navigate to them!
2022-07-17T07:49:26.402Z - info: Site data built
2022-07-17T07:49:26.403Z - info: Website generation (lazy) complete! Total build time: 21.582s
2022-07-17T07:49:27.429Z - info: Serving "C:\repos\nus-cs2103\cs2103-website-base\_site" at http://127.0.0.1:8080
2022-07-17T07:49:27.429Z - info: Press CTRL+C to stop ...
2022-07-17T08:00:39.700Z - info: [4:00:39 pm] Reload for file change: C:\repos\nus-cs2103\cs2103-website-base\site.json
2022-07-17T08:00:39.701Z - info: Synchronizing opened pages list before reload
2022-07-17T08:00:39.701Z - info: Current opened pages, from most-to-least recent:
2022-07-17T08:00:39.701Z - info: 1. index
2022-07-17T08:00:47.152Z - info: Pages or site config modified, updating pages...
2022-07-17T08:00:52.711Z - info: Building C:\repos\nus-cs2103\cs2103-website-base\index as some of its dependencies were changed since the last visit
2022-07-17T08:00:53.586Z - info: Site data built
2022-07-17T08:00:53.587Z - info: Lazy website regeneration complete! Total build time: 0.875s
2022-07-17T08:00:53.596Z - info: Site data built
2022-07-17T08:04:56.326Z - info: [4:04:56 pm] Reload for file change: C:\repos\nus-cs2103\cs2103-website-base\site.json
2022-07-17T08:04:56.327Z - info: Synchronizing opened pages list before reload
2022-07-17T08:04:56.327Z - info: Current opened pages, from most-to-least recent:
2022-07-17T08:04:56.327Z - info: 1. index
2022-07-17T08:05:03.130Z - info: Pages or site config modified, updating pages...
2022-07-17T08:05:08.631Z - info: Building C:\repos\nus-cs2103\cs2103-website-base\index as some of its dependencies were changed since the last visit
2022-07-17T08:05:09.290Z - info: Site data built
2022-07-17T08:05:09.291Z - info: Lazy website regeneration complete! Total build time: 0.661s
2022-07-17T08:05:09.299Z - info: Site data built
2022-07-17T08:06:19.240Z - info: [4:06:19 pm] Reload for file change: C:\repos\nus-cs2103\cs2103-website-base\site.json
2022-07-17T08:06:19.241Z - info: Synchronizing opened pages list before reload
2022-07-17T08:06:19.241Z - info: Current opened pages, from most-to-least recent:
2022-07-17T08:06:19.241Z - info: 1. index
2022-07-17T08:06:26.029Z - info: Pages or site config modified, updating pages...
2022-07-17T08:06:31.425Z - info: Building C:\repos\nus-cs2103\cs2103-website-base\index as some of its dependencies were changed since the last visit
2022-07-17T08:06:32.081Z - info: Site data built
2022-07-17T08:06:32.081Z - info: Lazy website regeneration complete! Total build time: 0.656s
2022-07-17T08:06:32.089Z - info: Site data built
2022-07-17T08:07:11.093Z - info: [4:07:11 pm] Reload for file change: C:\repos\nus-cs2103\cs2103-website-base\site.json
2022-07-17T08:07:11.093Z - info: Synchronizing opened pages list before reload
2022-07-17T08:07:11.093Z - info: Current opened pages, from most-to-least recent:
2022-07-17T08:07:11.093Z - info: 1. index
2022-07-17T08:07:17.869Z - info: Pages or site config modified, updating pages...
2022-07-17T08:07:23.314Z - info: Building C:\repos\nus-cs2103\cs2103-website-base\index as some of its dependencies were changed since the last visit
2022-07-17T08:07:23.825Z - info: Site data built
2022-07-17T08:07:23.826Z - info: Lazy website regeneration complete! Total build time: 0.513s
2022-07-17T08:07:23.833Z - info: Site data built
2022-07-17T15:26:08.519Z - info: Website generation (lazy) started at 11:26:06 pm
2022-07-17T15:26:19.716Z - info: Building assets...
2022-07-17T15:26:26.941Z - info: Assets built
2022-07-17T15:26:26.941Z - info: Generating landing page...
2022-07-17T15:26:28.171Z - info: Landing page built, other pages will be built as you navigate to them!
2022-07-17T15:26:29.320Z - info: Site data built
2022-07-17T15:26:29.321Z - info: Website generation (lazy) complete! Total build time: 22.668s
2022-07-17T15:26:30.264Z - info: Serving "C:\repos\nus-cs2103\cs2103-website-base\_site" at http://127.0.0.1:8080
2022-07-17T15:26:30.264Z - info: Press CTRL+C to stop ...
2022-07-17T15:28:26.717Z - info: [11:28:26 pm] Reload for file change: C:\repos\nus-cs2103\cs2103-website-base\site.json
2022-07-17T15:28:26.719Z - info: Synchronizing opened pages list before reload
2022-07-17T15:28:26.719Z - info: Current opened pages, from most-to-least recent:
2022-07-17T15:28:26.720Z - info: 1. index
2022-07-17T15:28:33.791Z - info: Pages or site config modified, updating pages...
2022-07-17T15:28:39.442Z - info: Building C:\repos\nus-cs2103\cs2103-website-base\index as some of its dependencies were changed since the last visit
2022-07-17T15:28:40.175Z - info: Site data built
2022-07-17T15:28:40.175Z - info: Lazy website regeneration complete! Total build time: 0.733s
2022-07-17T15:28:40.186Z - info: Site data built
2022-07-17T15:30:29.974Z - info: [11:30:29 pm] Reload for file change: C:\repos\nus-cs2103\cs2103-website-base\site.json
2022-07-17T15:30:29.974Z - info: Synchronizing opened pages list before reload
2022-07-17T15:30:29.975Z - info: Current opened pages, from most-to-least recent:
2022-07-17T15:30:29.975Z - info: 1. index
2022-07-17T15:30:37.015Z - info: Pages or site config modified, updating pages...
2022-07-17T15:30:42.613Z - info: Building C:\repos\nus-cs2103\cs2103-website-base\index as some of its dependencies were changed since the last visit
2022-07-17T15:30:43.280Z - info: Site data built
2022-07-17T15:30:43.280Z - info: Lazy website regeneration complete! Total build time: 0.668s
2022-07-17T15:30:43.289Z - info: Site data built
2022-07-17T15:34:22.873Z - info: [11:34:22 pm] Reload for file change: C:\repos\nus-cs2103\cs2103-website-base\site.json
2022-07-17T15:34:22.874Z - info: Synchronizing opened pages list before reload
2022-07-17T15:34:22.875Z - info: Current opened pages, from most-to-least recent:
2022-07-17T15:34:22.875Z - info: 1. index
2022-07-17T15:34:29.688Z - info: Pages or site config modified, updating pages...
2022-07-17T15:34:35.228Z - info: Building C:\repos\nus-cs2103\cs2103-website-base\index as some of its dependencies were changed since the last visit
2022-07-17T15:34:35.919Z - info: Site data built
2022-07-17T15:34:35.919Z - info: Lazy website regeneration complete! Total build time: 0.691s
2022-07-17T15:34:35.927Z - info: Site data built
2022-07-17T15:35:43.762Z - info: [11:35:43 pm] Reload for file change: C:\repos\nus-cs2103\cs2103-website-base\site.json
2022-07-17T15:35:43.762Z - info: Synchronizing opened pages list before reload
2022-07-17T15:35:43.762Z - info: Current opened pages, from most-to-least recent:
2022-07-17T15:35:43.762Z - info: 1. index
2022-07-17T15:35:50.538Z - info: Pages or site config modified, updating pages...
2022-07-17T15:35:55.985Z - info: Building C:\repos\nus-cs2103\cs2103-website-base\index as some of its dependencies were changed since the last visit
2022-07-17T15:35:56.481Z - info: Site data built
2022-07-17T15:35:56.482Z - info: Lazy website regeneration complete! Total build time: 0.497s
2022-07-17T15:35:56.490Z - info: Site data built
2022-07-17T15:50:14.452Z - info: [11:50:14 pm] Reload for file change: C:\repos\nus-cs2103\cs2103-website-base\site.json
2022-07-17T15:50:14.453Z - info: Synchronizing opened pages list before reload
2022-07-17T15:50:14.454Z - info: Current opened pages, from most-to-least recent:
2022-07-17T15:50:14.454Z - info: 1. index
2022-07-17T15:50:21.567Z - info: [11:50:21 pm] Reload for file change: C:\repos\nus-cs2103\cs2103-website-base\site.json
2022-07-17T15:50:21.567Z - info: Synchronizing opened pages list before reload
2022-07-17T15:50:21.567Z - info: Current opened pages, from most-to-least recent:
2022-07-17T15:50:21.567Z - info: 1. index
2022-07-17T15:50:30.848Z - info: No pages needed to be rebuilt
2022-07-17T15:50:30.861Z - info: Pages or site config modified, updating pages...
2022-07-17T15:50:36.991Z - info: Building C:\repos\nus-cs2103\cs2103-website-base\index as some of its dependencies were changed since the last visit
2022-07-17T15:50:37.643Z - info: Site data built
2022-07-17T15:50:37.643Z - info: Lazy website regeneration complete! Total build time: 0.652s
2022-07-17T15:50:37.650Z - info: Site data built
2022-07-17T15:51:20.021Z - info: [11:51:20 pm] Reload for file change: C:\repos\nus-cs2103\cs2103-website-base\site.json
2022-07-17T15:51:20.022Z - info: Synchronizing opened pages list before reload
2022-07-17T15:51:20.022Z - info: Current opened pages, from most-to-least recent:
2022-07-17T15:51:20.022Z - info: 1. index
2022-07-17T15:51:26.838Z - info: Pages or site config modified, updating pages...
2022-07-17T15:51:32.230Z - info: Building C:\repos\nus-cs2103\cs2103-website-base\index as some of its dependencies were changed since the last visit
2022-07-17T15:51:32.766Z - info: Site data built
2022-07-17T15:51:32.766Z - info: Lazy website regeneration complete! Total build time: 0.536s
2022-07-17T15:51:32.774Z - info: Site data built
2022-07-17T15:51:51.641Z - info: [11:51:51 pm] Reload for file change: C:\repos\nus-cs2103\cs2103-website-base\site.json
2022-07-17T15:51:51.641Z - info: Synchronizing opened pages list before reload
2022-07-17T15:51:51.641Z - info: Current opened pages, from most-to-least recent:
2022-07-17T15:51:51.641Z - info: 1. index
2022-07-17T15:51:58.388Z - info: Pages or site config modified, updating pages...
2022-07-17T15:52:03.767Z - info: Building C:\repos\nus-cs2103\cs2103-website-base\index as some of its dependencies were changed since the last visit
2022-07-17T15:52:04.436Z - info: Site data built
2022-07-17T15:52:04.436Z - info: Lazy website regeneration complete! Total build time: 0.669s
2022-07-17T15:52:04.445Z - info: Site data built
