2022-09-28T16:28:09.000Z - info: Building C:\repos\nus-cs2103\cs2103-website-base\schedule\week8\index as some of its dependencies were changed since the last visit
2022-09-28T16:28:11.283Z - info: Site data built
2022-09-28T16:28:11.284Z - info: Lazy website regeneration complete! Total build time: 2.287s
2022-09-28T16:28:31.258Z - info: Building C:\repos\nus-cs2103\cs2103-website-base\schedule\week8\admin as some of its dependencies were changed since the last visit
2022-09-28T16:28:31.876Z - info: Site data built
2022-09-28T16:28:31.877Z - info: Lazy website regeneration complete! Total build time: 0.618s
2022-09-28T16:28:56.608Z - info: Building C:\repos\nus-cs2103\cs2103-website-base\schedule\week8\topics as some of its dependencies were changed since the last visit
2022-09-28T16:29:11.823Z - debug:  
2022-09-28T16:29:11.824Z - debug:  
2022-09-28T16:29:11.828Z - debug:  
2022-09-28T16:29:11.829Z - debug:  
2022-09-28T16:29:11.830Z - debug:  
2022-09-28T16:29:11.830Z - debug:  
2022-09-28T16:29:11.831Z - debug:  
2022-09-28T16:29:12.471Z - debug:  
2022-09-28T16:29:12.514Z - debug:  
2022-09-28T16:29:12.554Z - info: Site data built
2022-09-28T16:29:12.556Z - info: Lazy website regeneration complete! Total build time: 15.947s
2022-09-28T16:29:12.602Z - debug:  
2022-09-28T16:31:26.504Z - info: Building C:\repos\nus-cs2103\cs2103-website-base\schedule\week8\project as some of its dependencies were changed since the last visit
2022-09-28T16:31:29.198Z - info: Site data built
2022-09-28T16:31:29.199Z - info: Lazy website regeneration complete! Total build time: 2.695s
2022-09-28T16:34:19.248Z - info: Building C:\repos\nus-cs2103\cs2103-website-base\schedule\week8\tutorial as some of its dependencies were changed since the last visit
2022-09-28T16:34:20.685Z - info: Site data built
2022-09-28T16:34:20.686Z - info: Lazy website regeneration complete! Total build time: 1.438s
2022-09-28T16:36:58.657Z - info: [12:36:58 am] Reload for file change: C:\repos\nus-cs2103\cs2103-website-base\book\modeling\modelingStructures\classDiagramsIntermediate\q-drawClassDiagramForItemEtc.md
2022-09-28T16:36:58.657Z - info: Synchronizing opened pages list before reload
2022-09-28T16:36:58.658Z - info: Current opened pages, from most-to-least recent:
2022-09-28T16:36:58.658Z - info: 1. schedule/week8/tutorial
2022-09-28T16:36:59.675Z - info: Rebuilding 1 pages
2022-09-28T16:37:00.747Z - info: Site data built
2022-09-28T16:37:00.747Z - info: Pages rebuilt
2022-09-28T16:37:00.747Z - info: Website regeneration complete! Total build time: 1.073s
2022-09-28T16:37:10.901Z - info: [12:37:10 am] Reload for file change: C:\repos\nus-cs2103\cs2103-website-base\book\modeling\modelingStructures\classDiagramsIntermediate\q-drawClassDiagramForItemEtc.md
2022-09-28T16:37:10.901Z - info: Synchronizing opened pages list before reload
2022-09-28T16:37:10.901Z - info: Current opened pages, from most-to-least recent:
2022-09-28T16:37:10.902Z - info: 1. schedule/week8/tutorial
2022-09-28T16:37:11.910Z - info: Rebuilding 1 pages
2022-09-28T16:37:12.602Z - info: Site data built
2022-09-28T16:37:12.603Z - info: Pages rebuilt
2022-09-28T16:37:12.603Z - info: Website regeneration complete! Total build time: 0.694s
2022-09-28T16:37:31.905Z - info: [12:37:31 am] Reload for file change: C:\repos\nus-cs2103\cs2103-website-base\book\modeling\modelingStructures\classDiagramsIntermediate\q-drawClassDiagramForItemEtc.md
2022-09-28T16:37:31.905Z - info: Synchronizing opened pages list before reload
2022-09-28T16:37:31.906Z - info: Current opened pages, from most-to-least recent:
2022-09-28T16:37:31.906Z - info: 1. schedule/week8/tutorial
2022-09-28T16:37:32.915Z - info: Rebuilding 1 pages
2022-09-28T16:37:33.919Z - info: Site data built
2022-09-28T16:37:33.919Z - info: Pages rebuilt
2022-09-28T16:37:33.919Z - info: Website regeneration complete! Total build time: 1.006s
2022-09-28T16:38:12.423Z - info: [12:38:12 am] Reload for file change: C:\repos\nus-cs2103\cs2103-website-base\book\modeling\modelingBehaviors\sequenceDiagramsBasic\q-essay-drawSequenceDiagramForPerson.md
2022-09-28T16:38:12.424Z - info: Synchronizing opened pages list before reload
2022-09-28T16:38:12.424Z - info: Current opened pages, from most-to-least recent:
2022-09-28T16:38:12.424Z - info: 1. schedule/week8/tutorial
2022-09-28T16:38:13.446Z - info: Rebuilding 1 pages
2022-09-28T16:38:14.565Z - info: Site data built
2022-09-28T16:38:14.565Z - info: Pages rebuilt
2022-09-28T16:38:14.566Z - info: Website regeneration complete! Total build time: 1.121s
2022-09-28T17:09:20.576Z - info: Website generation started at 1:09:09 am
2022-09-28T17:10:29.353Z - info: Building assets...
