2022-07-20T18:08:06.814Z - info: Website generation (lazy) started at 2:08:04 am
2022-07-20T18:08:19.263Z - info: Building assets...
2022-07-20T18:08:26.340Z - info: Assets built
2022-07-20T18:08:26.341Z - info: Generating landing page...
2022-07-20T18:08:27.098Z - info: Landing page built, other pages will be built as you navigate to them!
2022-07-20T18:08:28.074Z - info: Site data built
2022-07-20T18:08:28.074Z - info: Website generation (lazy) complete! Total build time: 23.216s
2022-07-20T18:08:29.010Z - info: Serving "C:\repos\nus-cs2103\cs2103-website-base\_site" at http://127.0.0.1:8080
2022-07-20T18:08:29.010Z - info: Press CTRL+C to stop ...
2022-07-20T18:08:50.129Z - info: Building C:\repos\nus-cs2103\cs2103-website-base\se-book-adapted\index as some of its dependencies were changed since the last visit
2022-07-20T18:08:50.422Z - info: Site data built
2022-07-20T18:08:50.422Z - info: Lazy website regeneration complete! Total build time: 0.294s
2022-07-20T18:08:55.116Z - info: Building C:\repos\nus-cs2103\cs2103-website-base\se-book-adapted\chapters\uml as some of its dependencies were changed since the last visit
2022-07-20T18:08:58.775Z - info: Site data built
2022-07-20T18:08:58.777Z - info: Lazy website regeneration complete! Total build time: 3.661s
2022-07-20T18:09:00.249Z - debug:  
2022-07-20T18:09:00.270Z - debug:  
2022-07-20T18:09:00.524Z - debug:  
2022-07-20T18:09:00.668Z - debug:  
2022-07-20T18:20:39.435Z - info: [2:20:39 am] Reload for file change: C:\repos\nus-cs2103\cs2103-website-base\book\uml\miscellaneous\objectVsClassDiagrams\text.md
2022-07-20T18:20:39.436Z - info: Synchronizing opened pages list before reload
2022-07-20T18:20:39.436Z - info: Current opened pages, from most-to-least recent:
2022-07-20T18:20:39.436Z - info: 1. se-book-adapted/chapters/uml
2022-07-20T18:20:40.457Z - info: Rebuilding 1 pages
2022-07-20T18:20:42.471Z - info: Site data built
2022-07-20T18:20:42.471Z - info: Pages rebuilt
2022-07-20T18:20:42.472Z - info: Website regeneration complete! Total build time: 2.017s
2022-07-20T18:20:46.047Z - debug:  
2022-07-20T18:20:46.066Z - debug:  
2022-07-20T18:20:46.084Z - debug:  
2022-07-20T18:20:46.101Z - debug:  
2022-07-20T18:23:07.347Z - info: [2:23:07 am] Reload for file change: C:\repos\nus-cs2103\cs2103-website-base\book\uml\miscellaneous\objectVsClassDiagrams\text.md
2022-07-20T18:23:07.347Z - info: Synchronizing opened pages list before reload
2022-07-20T18:23:07.348Z - info: Current opened pages, from most-to-least recent:
2022-07-20T18:23:07.348Z - info: 1. se-book-adapted/chapters/uml
2022-07-20T18:23:08.366Z - info: Rebuilding 1 pages
2022-07-20T18:23:09.774Z - info: Site data built
2022-07-20T18:23:09.775Z - info: Pages rebuilt
2022-07-20T18:23:09.775Z - info: Website regeneration complete! Total build time: 1.409s
2022-07-20T18:23:12.301Z - debug:  
2022-07-20T18:23:12.445Z - debug:  
2022-07-20T18:23:12.614Z - debug:  
2022-07-20T18:23:12.646Z - debug:  
2022-07-20T18:25:27.332Z - info: [2:25:27 am] Reload for file add: C:\repos\nus-cs2103\cs2103-website-base\book\uml\miscellaneous\objectVsClassDiagrams\images\showParentOrChildNotBoth.puml
2022-07-20T18:25:27.332Z - info: Synchronizing opened pages list before reload
2022-07-20T18:25:27.332Z - info: Current opened pages, from most-to-least recent:
2022-07-20T18:25:27.332Z - info: 1. se-book-adapted/chapters/uml
2022-07-20T18:25:32.609Z - info: Assets built
2022-07-20T18:27:34.274Z - info: [2:27:34 am] Reload for file change: C:\repos\nus-cs2103\cs2103-website-base\book\uml\miscellaneous\objectVsClassDiagrams\images\showParentOrChildNotBoth.puml
2022-07-20T18:27:34.275Z - info: Synchronizing opened pages list before reload
2022-07-20T18:27:34.275Z - info: Current opened pages, from most-to-least recent:
2022-07-20T18:27:34.275Z - info: 1. se-book-adapted/chapters/uml
2022-07-20T18:27:35.295Z - info: Assets built
2022-07-20T18:28:27.753Z - info: [2:28:27 am] Reload for file change: C:\repos\nus-cs2103\cs2103-website-base\book\uml\miscellaneous\objectVsClassDiagrams\text.md
2022-07-20T18:28:27.754Z - info: Synchronizing opened pages list before reload
2022-07-20T18:28:27.754Z - info: Current opened pages, from most-to-least recent:
2022-07-20T18:28:27.754Z - info: 1. se-book-adapted/chapters/uml
2022-07-20T18:28:28.773Z - info: Rebuilding 1 pages
2022-07-20T18:28:29.492Z - debug:  Error: ENOENT: no such file or directory, open 'C:\repos\nus-cs2103\cs2103-website-base\book\uml\miscellaneous\objectVsClassDiagrams\images\showParenOrChildNotBoth.puml'
    at Object.openSync (node:fs:585:3)
    at Object.readFileSync (node:fs:453:35)
    at Object.processNode (C:\Users\dcsdcr\AppData\Roaming\npm\node_modules\markbind-cli\node_modules\@markbind\core\src\plugins\default\markbind-plugin-plantuml.js:117:26)
    at Plugin.processNode (C:\Users\dcsdcr\AppData\Roaming\npm\node_modules\markbind-cli\node_modules\@markbind\core\src\plugins\Plugin.js:115:17)
    at C:\Users\dcsdcr\AppData\Roaming\npm\node_modules\markbind-cli\node_modules\@markbind\core\src\plugins\PluginManager.js:186:14
    at Array.forEach (<anonymous>)
    at PluginManager.processNode (C:\Users\dcsdcr\AppData\Roaming\npm\node_modules\markbind-cli\node_modules\@markbind\core\src\plugins\PluginManager.js:185:33)
    at NodeProcessor._process (C:\Users\dcsdcr\AppData\Roaming\npm\node_modules\markbind-cli\node_modules\@markbind\core\src\html\NodeProcessor.js:291:24)
    at C:\Users\dcsdcr\AppData\Roaming\npm\node_modules\markbind-cli\node_modules\@markbind\core\src\html\NodeProcessor.js:295:14
    at Array.forEach (<anonymous>)
    at NodeProcessor._process (C:\Users\dcsdcr\AppData\Roaming\npm\node_modules\markbind-cli\node_modules\@markbind\core\src\html\NodeProcessor.js:294:21)
    at C:\Users\dcsdcr\AppData\Roaming\npm\node_modules\markbind-cli\node_modules\@markbind\core\src\html\NodeProcessor.js:295:14
    at Array.forEach (<anonymous>)
    at NodeProcessor._process (C:\Users\dcsdcr\AppData\Roaming\npm\node_modules\markbind-cli\node_modules\@markbind\core\src\html\NodeProcessor.js:294:21)
    at C:\Users\dcsdcr\AppData\Roaming\npm\node_modules\markbind-cli\node_modules\@markbind\core\src\html\NodeProcessor.js:295:14
    at Array.forEach (<anonymous>)
2022-07-20T18:28:29.493Z - error: Error reading C:\repos\nus-cs2103\cs2103-website-base\book\uml\miscellaneous\objectVsClassDiagrams\images\showParenOrChildNotBoth.puml for <puml> tag
2022-07-20T18:28:30.437Z - info: Site data built
2022-07-20T18:28:30.437Z - info: Pages rebuilt
2022-07-20T18:28:30.438Z - info: Website regeneration complete! Total build time: 1.667s
2022-07-20T18:28:33.126Z - debug:  
2022-07-20T18:28:33.194Z - debug:  
2022-07-20T18:28:33.341Z - debug:  
2022-07-20T18:28:33.396Z - debug:  
2022-07-20T18:29:04.973Z - info: [2:29:04 am] Reload for file change: C:\repos\nus-cs2103\cs2103-website-base\book\uml\miscellaneous\objectVsClassDiagrams\text.md
2022-07-20T18:29:04.974Z - info: Synchronizing opened pages list before reload
2022-07-20T18:29:04.974Z - info: Current opened pages, from most-to-least recent:
2022-07-20T18:29:04.974Z - info: 1. se-book-adapted/chapters/uml
2022-07-20T18:29:05.984Z - info: Rebuilding 1 pages
2022-07-20T18:29:06.661Z - debug:  Error: ENOENT: no such file or directory, open 'C:\repos\nus-cs2103\cs2103-website-base\book\uml\miscellaneous\objectVsClassDiagrams\images\showParenOrChildNotBoth.puml'
    at Object.openSync (node:fs:585:3)
    at Object.readFileSync (node:fs:453:35)
    at Object.processNode (C:\Users\dcsdcr\AppData\Roaming\npm\node_modules\markbind-cli\node_modules\@markbind\core\src\plugins\default\markbind-plugin-plantuml.js:117:26)
    at Plugin.processNode (C:\Users\dcsdcr\AppData\Roaming\npm\node_modules\markbind-cli\node_modules\@markbind\core\src\plugins\Plugin.js:115:17)
    at C:\Users\dcsdcr\AppData\Roaming\npm\node_modules\markbind-cli\node_modules\@markbind\core\src\plugins\PluginManager.js:186:14
    at Array.forEach (<anonymous>)
    at PluginManager.processNode (C:\Users\dcsdcr\AppData\Roaming\npm\node_modules\markbind-cli\node_modules\@markbind\core\src\plugins\PluginManager.js:185:33)
    at NodeProcessor._process (C:\Users\dcsdcr\AppData\Roaming\npm\node_modules\markbind-cli\node_modules\@markbind\core\src\html\NodeProcessor.js:291:24)
    at C:\Users\dcsdcr\AppData\Roaming\npm\node_modules\markbind-cli\node_modules\@markbind\core\src\html\NodeProcessor.js:295:14
    at Array.forEach (<anonymous>)
    at NodeProcessor._process (C:\Users\dcsdcr\AppData\Roaming\npm\node_modules\markbind-cli\node_modules\@markbind\core\src\html\NodeProcessor.js:294:21)
    at C:\Users\dcsdcr\AppData\Roaming\npm\node_modules\markbind-cli\node_modules\@markbind\core\src\html\NodeProcessor.js:295:14
    at Array.forEach (<anonymous>)
    at NodeProcessor._process (C:\Users\dcsdcr\AppData\Roaming\npm\node_modules\markbind-cli\node_modules\@markbind\core\src\html\NodeProcessor.js:294:21)
    at C:\Users\dcsdcr\AppData\Roaming\npm\node_modules\markbind-cli\node_modules\@markbind\core\src\html\NodeProcessor.js:295:14
    at Array.forEach (<anonymous>)
2022-07-20T18:29:06.661Z - error: Error reading C:\repos\nus-cs2103\cs2103-website-base\book\uml\miscellaneous\objectVsClassDiagrams\images\showParenOrChildNotBoth.puml for <puml> tag
2022-07-20T18:29:07.767Z - info: Site data built
2022-07-20T18:29:07.767Z - info: Pages rebuilt
2022-07-20T18:29:07.768Z - info: Website regeneration complete! Total build time: 1.786s
2022-07-20T18:29:09.853Z - debug:  
2022-07-20T18:29:10.201Z - debug:  
2022-07-20T18:29:10.394Z - debug:  
2022-07-20T18:29:10.495Z - debug:  
2022-07-20T18:29:27.727Z - info: Building C:\repos\nus-cs2103\cs2103-website-base\schedule\timeline as some of its dependencies were changed since the last visit
2022-07-20T18:29:35.171Z - info: Site data built
2022-07-20T18:29:35.172Z - info: Lazy website regeneration complete! Total build time: 7.445s
2022-07-20T18:29:46.023Z - info: Building C:\repos\nus-cs2103\cs2103-website-base\schedule\week4\topics as some of its dependencies were changed since the last visit
2022-07-20T18:29:46.667Z - debug:  Error: ENOENT: no such file or directory, open 'C:\repos\nus-cs2103\cs2103-website-base\book\uml\miscellaneous\objectVsClassDiagrams\images\showParenOrChildNotBoth.puml'
    at Object.openSync (node:fs:585:3)
    at Object.readFileSync (node:fs:453:35)
    at Object.processNode (C:\Users\dcsdcr\AppData\Roaming\npm\node_modules\markbind-cli\node_modules\@markbind\core\src\plugins\default\markbind-plugin-plantuml.js:117:26)
    at Plugin.processNode (C:\Users\dcsdcr\AppData\Roaming\npm\node_modules\markbind-cli\node_modules\@markbind\core\src\plugins\Plugin.js:115:17)
    at C:\Users\dcsdcr\AppData\Roaming\npm\node_modules\markbind-cli\node_modules\@markbind\core\src\plugins\PluginManager.js:186:14
    at Array.forEach (<anonymous>)
    at PluginManager.processNode (C:\Users\dcsdcr\AppData\Roaming\npm\node_modules\markbind-cli\node_modules\@markbind\core\src\plugins\PluginManager.js:185:33)
    at NodeProcessor._process (C:\Users\dcsdcr\AppData\Roaming\npm\node_modules\markbind-cli\node_modules\@markbind\core\src\html\NodeProcessor.js:291:24)
    at C:\Users\dcsdcr\AppData\Roaming\npm\node_modules\markbind-cli\node_modules\@markbind\core\src\html\NodeProcessor.js:295:14
    at Array.forEach (<anonymous>)
    at NodeProcessor._process (C:\Users\dcsdcr\AppData\Roaming\npm\node_modules\markbind-cli\node_modules\@markbind\core\src\html\NodeProcessor.js:294:21)
    at C:\Users\dcsdcr\AppData\Roaming\npm\node_modules\markbind-cli\node_modules\@markbind\core\src\html\NodeProcessor.js:295:14
    at Array.forEach (<anonymous>)
    at NodeProcessor._process (C:\Users\dcsdcr\AppData\Roaming\npm\node_modules\markbind-cli\node_modules\@markbind\core\src\html\NodeProcessor.js:294:21)
    at C:\Users\dcsdcr\AppData\Roaming\npm\node_modules\markbind-cli\node_modules\@markbind\core\src\html\NodeProcessor.js:295:14
    at Array.forEach (<anonymous>)
2022-07-20T18:29:46.667Z - error: Error reading C:\repos\nus-cs2103\cs2103-website-base\book\uml\miscellaneous\objectVsClassDiagrams\images\showParenOrChildNotBoth.puml for <puml> tag
2022-07-20T18:29:49.974Z - info: Site data built
2022-07-20T18:29:49.974Z - info: Lazy website regeneration complete! Total build time: 3.952s
2022-07-20T18:29:51.527Z - debug:  
2022-07-20T18:29:51.547Z - debug:  
2022-07-20T18:33:25.621Z - info: Building C:\repos\nus-cs2103\cs2103-website-base\book\uml\miscellaneous\objectVsClassDiagrams\index as some of its dependencies were changed since the last visit
2022-07-20T18:33:25.686Z - debug:  Error: ENOENT: no such file or directory, open 'C:\repos\nus-cs2103\cs2103-website-base\book\uml\miscellaneous\objectVsClassDiagrams\images\showParenOrChildNotBoth.puml'
    at Object.openSync (node:fs:585:3)
    at Object.readFileSync (node:fs:453:35)
    at Object.processNode (C:\Users\dcsdcr\AppData\Roaming\npm\node_modules\markbind-cli\node_modules\@markbind\core\src\plugins\default\markbind-plugin-plantuml.js:117:26)
    at Plugin.processNode (C:\Users\dcsdcr\AppData\Roaming\npm\node_modules\markbind-cli\node_modules\@markbind\core\src\plugins\Plugin.js:115:17)
    at C:\Users\dcsdcr\AppData\Roaming\npm\node_modules\markbind-cli\node_modules\@markbind\core\src\plugins\PluginManager.js:186:14
    at Array.forEach (<anonymous>)
    at PluginManager.processNode (C:\Users\dcsdcr\AppData\Roaming\npm\node_modules\markbind-cli\node_modules\@markbind\core\src\plugins\PluginManager.js:185:33)
    at NodeProcessor._process (C:\Users\dcsdcr\AppData\Roaming\npm\node_modules\markbind-cli\node_modules\@markbind\core\src\html\NodeProcessor.js:291:24)
    at C:\Users\dcsdcr\AppData\Roaming\npm\node_modules\markbind-cli\node_modules\@markbind\core\src\html\NodeProcessor.js:295:14
    at Array.forEach (<anonymous>)
    at NodeProcessor._process (C:\Users\dcsdcr\AppData\Roaming\npm\node_modules\markbind-cli\node_modules\@markbind\core\src\html\NodeProcessor.js:294:21)
    at C:\Users\dcsdcr\AppData\Roaming\npm\node_modules\markbind-cli\node_modules\@markbind\core\src\html\NodeProcessor.js:295:14
    at Array.forEach (<anonymous>)
    at NodeProcessor._process (C:\Users\dcsdcr\AppData\Roaming\npm\node_modules\markbind-cli\node_modules\@markbind\core\src\html\NodeProcessor.js:294:21)
    at C:\Users\dcsdcr\AppData\Roaming\npm\node_modules\markbind-cli\node_modules\@markbind\core\src\html\NodeProcessor.js:295:14
    at Array.forEach (<anonymous>)
2022-07-20T18:33:25.686Z - error: Error reading C:\repos\nus-cs2103\cs2103-website-base\book\uml\miscellaneous\objectVsClassDiagrams\images\showParenOrChildNotBoth.puml for <puml> tag
2022-07-20T18:33:25.950Z - info: Site data built
2022-07-20T18:33:25.950Z - info: Lazy website regeneration complete! Total build time: 0.329s
2022-07-20T18:34:09.423Z - info: [2:34:09 am] Reload for file change: C:\repos\nus-cs2103\cs2103-website-base\book\uml\miscellaneous\objectVsClassDiagrams\text.md
2022-07-20T18:34:09.424Z - info: Synchronizing opened pages list before reload
2022-07-20T18:34:09.424Z - info: Current opened pages, from most-to-least recent:
2022-07-20T18:34:09.425Z - info: 1. book/uml/miscellaneous/objectVsClassDiagrams/index
2022-07-20T18:34:09.425Z - info: 2. schedule/week4/topics
2022-07-20T18:34:10.432Z - info: Rebuilding 2 pages
2022-07-20T18:34:13.797Z - debug:  
2022-07-20T18:34:13.846Z - info: Site data built
2022-07-20T18:34:13.847Z - info: Pages rebuilt
2022-07-20T18:34:13.847Z - info: Website regeneration complete! Total build time: 3.415s
2022-07-20T18:34:15.224Z - debug:  
2022-07-20T18:34:15.250Z - debug:  
2022-07-20T18:35:52.376Z - info: [2:35:52 am] Reload for file add: C:\repos\nus-cs2103\cs2103-website-base\book\uml\miscellaneous\objectVsClassDiagrams\images\cd-ParentAndChild.puml
2022-07-20T18:35:52.377Z - info: Synchronizing opened pages list before reload
2022-07-20T18:35:52.377Z - info: Current opened pages, from most-to-least recent:
2022-07-20T18:35:52.377Z - info: 1. book/uml/miscellaneous/objectVsClassDiagrams/index
2022-07-20T18:35:52.377Z - info: 2. schedule/week4/topics
2022-07-20T18:35:56.479Z - info: [2:35:56 am] Reload for file deletion: C:\repos\nus-cs2103\cs2103-website-base\book\uml\miscellaneous\objectVsClassDiagrams\images\showParentOrChildNotBoth.puml
2022-07-20T18:35:56.479Z - info: Synchronizing opened pages list before reload
2022-07-20T18:35:56.479Z - info: Current opened pages, from most-to-least recent:
2022-07-20T18:35:56.479Z - info: 1. book/uml/miscellaneous/objectVsClassDiagrams/index
2022-07-20T18:35:56.479Z - info: 2. schedule/week4/topics
2022-07-20T18:36:00.429Z - info: Assets built
2022-07-20T18:36:01.423Z - info: Pages or site config modified, updating pages...
2022-07-20T18:36:05.404Z - info: [2:36:05 am] Reload for file change: C:\repos\nus-cs2103\cs2103-website-base\book\uml\miscellaneous\objectVsClassDiagrams\text.md
2022-07-20T18:36:05.404Z - info: Synchronizing opened pages list before reload
2022-07-20T18:36:05.404Z - info: Current opened pages, from most-to-least recent:
2022-07-20T18:36:05.404Z - info: 1. book/uml/miscellaneous/objectVsClassDiagrams/index
2022-07-20T18:36:05.404Z - info: 2. schedule/week4/topics
2022-07-20T18:36:06.478Z - info: Building C:\repos\nus-cs2103\cs2103-website-base\book\uml\miscellaneous\objectVsClassDiagrams\index as some of its dependencies were changed since the last visit
2022-07-20T18:36:06.478Z - info: Building C:\repos\nus-cs2103\cs2103-website-base\schedule\week4\topics as some of its dependencies were changed since the last visit
2022-07-20T18:36:07.481Z - info: No pages needed to be rebuilt
2022-07-20T18:36:10.127Z - info: Site data built
2022-07-20T18:36:10.127Z - info: Lazy website regeneration complete! Total build time: 3.649s
2022-07-20T18:36:11.023Z - debug:  
2022-07-20T18:36:11.563Z - debug:  
2022-07-20T18:36:11.649Z - debug:  
2022-07-20T18:39:12.235Z - info: [2:39:12 am] Reload for file change: C:\repos\nus-cs2103\cs2103-website-base\book\uml\miscellaneous\objectVsClassDiagrams\images\cd-ParentAndChild.puml
2022-07-20T18:39:12.235Z - info: Synchronizing opened pages list before reload
2022-07-20T18:39:12.235Z - info: Current opened pages, from most-to-least recent:
2022-07-20T18:39:12.235Z - info: 1. book/uml/miscellaneous/objectVsClassDiagrams/index
2022-07-20T18:39:12.236Z - info: 2. schedule/week4/topics
2022-07-20T18:39:13.241Z - info: Rebuilding 2 pages
2022-07-20T18:39:16.391Z - info: Site data built
2022-07-20T18:39:16.392Z - info: Pages rebuilt
2022-07-20T18:39:16.392Z - info: Website regeneration complete! Total build time: 3.153s
2022-07-20T18:39:16.555Z - debug:  
2022-07-20T18:39:17.576Z - debug:  
2022-07-20T18:39:17.714Z - debug:  
2022-07-20T18:40:18.813Z - info: [2:40:18 am] Reload for file add: C:\repos\nus-cs2103\cs2103-website-base\book\uml\miscellaneous\objectVsClassDiagrams\images\od-ParentAndChild.puml
2022-07-20T18:40:18.814Z - info: Synchronizing opened pages list before reload
2022-07-20T18:40:18.814Z - info: Current opened pages, from most-to-least recent:
2022-07-20T18:40:18.814Z - info: 1. book/uml/miscellaneous/objectVsClassDiagrams/index
2022-07-20T18:40:18.814Z - info: 2. schedule/week4/topics
2022-07-20T18:40:23.433Z - info: Assets built
2022-07-20T18:40:58.301Z - info: [2:40:58 am] Reload for file change: C:\repos\nus-cs2103\cs2103-website-base\book\uml\miscellaneous\objectVsClassDiagrams\images\od-ParentAndChild.puml
2022-07-20T18:40:58.301Z - info: Synchronizing opened pages list before reload
2022-07-20T18:40:58.301Z - info: Current opened pages, from most-to-least recent:
2022-07-20T18:40:58.301Z - info: 1. book/uml/miscellaneous/objectVsClassDiagrams/index
2022-07-20T18:40:58.302Z - info: 2. schedule/week4/topics
2022-07-20T18:40:59.327Z - info: Assets built
2022-07-20T18:41:05.705Z - info: [2:41:05 am] Reload for file change: C:\repos\nus-cs2103\cs2103-website-base\book\uml\miscellaneous\objectVsClassDiagrams\text.md
2022-07-20T18:41:05.705Z - info: Synchronizing opened pages list before reload
2022-07-20T18:41:05.705Z - info: Current opened pages, from most-to-least recent:
2022-07-20T18:41:05.705Z - info: 1. book/uml/miscellaneous/objectVsClassDiagrams/index
2022-07-20T18:41:05.705Z - info: 2. schedule/week4/topics
2022-07-20T18:41:06.710Z - info: Rebuilding 2 pages
2022-07-20T18:41:09.970Z - debug:  
2022-07-20T18:41:10.029Z - info: Site data built
2022-07-20T18:41:10.029Z - info: Pages rebuilt
2022-07-20T18:41:10.029Z - info: Website regeneration complete! Total build time: 3.321s
2022-07-20T18:41:10.044Z - debug:  
2022-07-20T18:41:11.197Z - debug:  
2022-07-20T18:41:11.237Z - debug:  
2022-07-20T18:42:56.450Z - info: [2:42:56 am] Reload for file change: C:\repos\nus-cs2103\cs2103-website-base\book\uml\miscellaneous\objectVsClassDiagrams\images\od-ParentAndChild.puml
2022-07-20T18:42:56.450Z - info: Synchronizing opened pages list before reload
2022-07-20T18:42:56.450Z - info: Current opened pages, from most-to-least recent:
2022-07-20T18:42:56.450Z - info: 1. book/uml/miscellaneous/objectVsClassDiagrams/index
2022-07-20T18:42:56.450Z - info: 2. schedule/week4/topics
2022-07-20T18:42:57.463Z - info: Rebuilding 2 pages
2022-07-20T18:43:00.956Z - info: Site data built
2022-07-20T18:43:00.956Z - info: Pages rebuilt
2022-07-20T18:43:00.956Z - info: Website regeneration complete! Total build time: 3.494s
2022-07-20T18:43:01.632Z - debug:  
2022-07-20T18:43:01.701Z - debug:  
2022-07-20T18:43:02.783Z - debug:  
2022-07-20T18:43:02.849Z - debug:  
2022-07-20T18:44:10.869Z - info: [2:44:10 am] Reload for file change: C:\repos\nus-cs2103\cs2103-website-base\book\uml\miscellaneous\objectVsClassDiagrams\images\od-ParentAndChild.puml
2022-07-20T18:44:10.870Z - info: Synchronizing opened pages list before reload
2022-07-20T18:44:10.870Z - info: Current opened pages, from most-to-least recent:
2022-07-20T18:44:10.870Z - info: 1. book/uml/miscellaneous/objectVsClassDiagrams/index
2022-07-20T18:44:10.870Z - info: 2. schedule/week4/topics
2022-07-20T18:44:11.876Z - info: Rebuilding 2 pages
2022-07-20T18:44:17.014Z - info: Site data built
2022-07-20T18:44:17.015Z - info: Pages rebuilt
2022-07-20T18:44:17.015Z - info: Website regeneration complete! Total build time: 5.14s
2022-07-20T18:44:17.496Z - debug:  
2022-07-20T18:44:17.733Z - debug:  
2022-07-20T18:44:19.238Z - debug:  
2022-07-20T18:44:19.481Z - debug:  
2022-07-20T18:45:45.783Z - info: [2:45:45 am] Reload for file change: C:\repos\nus-cs2103\cs2103-website-base\book\uml\miscellaneous\objectVsClassDiagrams\images\od-ParentAndChild.puml
2022-07-20T18:45:45.783Z - info: Synchronizing opened pages list before reload
2022-07-20T18:45:45.783Z - info: Current opened pages, from most-to-least recent:
2022-07-20T18:45:45.783Z - info: 1. book/uml/miscellaneous/objectVsClassDiagrams/index
2022-07-20T18:45:45.783Z - info: 2. schedule/week4/topics
2022-07-20T18:45:46.788Z - info: Rebuilding 2 pages
2022-07-20T18:45:51.829Z - info: Site data built
2022-07-20T18:45:51.829Z - info: Pages rebuilt
2022-07-20T18:45:51.830Z - info: Website regeneration complete! Total build time: 5.043s
2022-07-20T18:45:52.625Z - debug:  
2022-07-20T18:45:52.681Z - debug:  
2022-07-20T18:45:54.313Z - debug:  
2022-07-20T18:45:54.353Z - debug:  
2022-07-20T18:47:08.350Z - info: [2:47:08 am] Reload for file change: C:\repos\nus-cs2103\cs2103-website-base\book\uml\miscellaneous\objectVsClassDiagrams\images\od-ParentAndChild.puml
2022-07-20T18:47:08.350Z - info: Synchronizing opened pages list before reload
2022-07-20T18:47:08.350Z - info: No pages are currently opened
2022-07-20T18:47:09.358Z - info: No pages needed to be rebuilt
2022-07-20T18:47:12.200Z - info: Building C:\repos\nus-cs2103\cs2103-website-base\book\uml\miscellaneous\objectVsClassDiagrams\index as some of its dependencies were changed since the last visit
2022-07-20T18:47:12.366Z - info: Site data built
2022-07-20T18:47:12.366Z - info: Lazy website regeneration complete! Total build time: 0.167s
2022-07-20T18:47:16.056Z - debug:  
2022-07-20T18:47:49.499Z - debug:  
2022-07-20T18:48:56.738Z - info: [2:48:56 am] Reload for file change: C:\repos\nus-cs2103\cs2103-website-base\book\uml\miscellaneous\objectVsClassDiagrams\images\od-ParentAndChild.puml
2022-07-20T18:48:56.738Z - info: Synchronizing opened pages list before reload
2022-07-20T18:48:56.739Z - info: Current opened pages, from most-to-least recent:
2022-07-20T18:48:56.739Z - info: 1. book/uml/miscellaneous/objectVsClassDiagrams/index
2022-07-20T18:48:56.748Z - info: [2:48:56 am] Reload for file add: C:\repos\nus-cs2103\cs2103-website-base\book\uml\miscellaneous\objectVsClassDiagrams\images\od-ParentOnly.puml
2022-07-20T18:48:56.748Z - info: Synchronizing opened pages list before reload
2022-07-20T18:48:56.748Z - info: Current opened pages, from most-to-least recent:
2022-07-20T18:48:56.748Z - info: 1. book/uml/miscellaneous/objectVsClassDiagrams/index
2022-07-20T18:49:00.247Z - info: Rebuilding 1 pages
2022-07-20T18:49:02.293Z - info: Assets built
2022-07-20T18:49:02.298Z - info: Site data built
2022-07-20T18:49:02.298Z - info: Pages rebuilt
2022-07-20T18:49:02.298Z - info: Website regeneration complete! Total build time: 2.051s
2022-07-20T18:49:04.735Z - debug:  
2022-07-20T18:49:04.769Z - debug:  
2022-07-20T18:49:22.749Z - info: [2:49:22 am] Reload for file change: C:\repos\nus-cs2103\cs2103-website-base\book\uml\miscellaneous\objectVsClassDiagrams\images\od-ParentOnly.puml
2022-07-20T18:49:22.749Z - info: Synchronizing opened pages list before reload
2022-07-20T18:49:22.749Z - info: Current opened pages, from most-to-least recent:
2022-07-20T18:49:22.749Z - info: 1. book/uml/miscellaneous/objectVsClassDiagrams/index
2022-07-20T18:49:22.759Z - info: [2:49:22 am] Reload for file add: C:\repos\nus-cs2103\cs2103-website-base\book\uml\miscellaneous\objectVsClassDiagrams\images\od-ChildOnly.puml
2022-07-20T18:49:22.759Z - info: Synchronizing opened pages list before reload
2022-07-20T18:49:22.759Z - info: Current opened pages, from most-to-least recent:
2022-07-20T18:49:22.759Z - info: 1. book/uml/miscellaneous/objectVsClassDiagrams/index
2022-07-20T18:49:26.067Z - info: Assets built
2022-07-20T18:49:57.163Z - info: [2:49:57 am] Reload for file change: C:\repos\nus-cs2103\cs2103-website-base\book\uml\miscellaneous\objectVsClassDiagrams\images\od-ChildOnly.puml
2022-07-20T18:49:57.164Z - info: Synchronizing opened pages list before reload
2022-07-20T18:49:57.164Z - info: Current opened pages, from most-to-least recent:
2022-07-20T18:49:57.164Z - info: 1. book/uml/miscellaneous/objectVsClassDiagrams/index
2022-07-20T18:49:57.176Z - info: [2:49:57 am] Reload for file change: C:\repos\nus-cs2103\cs2103-website-base\book\uml\miscellaneous\objectVsClassDiagrams\text.md
2022-07-20T18:49:57.176Z - info: Synchronizing opened pages list before reload
2022-07-20T18:49:57.176Z - info: Current opened pages, from most-to-least recent:
2022-07-20T18:49:57.176Z - info: 1. book/uml/miscellaneous/objectVsClassDiagrams/index
2022-07-20T18:49:58.183Z - info: Rebuilding 1 pages
2022-07-20T18:49:58.392Z - info: Assets built
2022-07-20T18:49:58.404Z - info: Site data built
2022-07-20T18:49:58.404Z - info: Pages rebuilt
2022-07-20T18:49:58.404Z - info: Website regeneration complete! Total build time: 0.223s
2022-07-20T18:50:01.444Z - debug:  
2022-07-20T18:50:01.476Z - debug:  
2022-07-20T18:50:01.697Z - debug:  
2022-07-20T18:50:01.710Z - debug:  
2022-07-20T18:51:38.122Z - info: [2:51:38 am] Reload for file change: C:\repos\nus-cs2103\cs2103-website-base\book\uml\miscellaneous\objectVsClassDiagrams\text.md
2022-07-20T18:51:38.122Z - info: Synchronizing opened pages list before reload
2022-07-20T18:51:38.122Z - info: Current opened pages, from most-to-least recent:
2022-07-20T18:51:38.122Z - info: 1. book/uml/miscellaneous/objectVsClassDiagrams/index
2022-07-20T18:51:39.132Z - info: Rebuilding 1 pages
2022-07-20T18:51:39.308Z - info: Site data built
2022-07-20T18:51:39.308Z - info: Pages rebuilt
2022-07-20T18:51:39.308Z - info: Website regeneration complete! Total build time: 0.178s
2022-07-20T18:51:41.840Z - debug:  
2022-07-20T18:51:41.968Z - debug:  
2022-07-20T18:51:42.129Z - debug:  
2022-07-20T18:51:42.289Z - debug:  
2022-07-20T18:52:01.185Z - info: [2:52:01 am] Reload for file change: C:\repos\nus-cs2103\cs2103-website-base\book\uml\miscellaneous\objectVsClassDiagrams\text.md
2022-07-20T18:52:01.186Z - info: Synchronizing opened pages list before reload
2022-07-20T18:52:01.186Z - info: Current opened pages, from most-to-least recent:
2022-07-20T18:52:01.186Z - info: 1. book/uml/miscellaneous/objectVsClassDiagrams/index
2022-07-20T18:52:02.194Z - info: Rebuilding 1 pages
2022-07-20T18:52:02.353Z - info: Site data built
2022-07-20T18:52:02.353Z - info: Pages rebuilt
2022-07-20T18:52:02.353Z - info: Website regeneration complete! Total build time: 0.16s
2022-07-20T18:52:04.795Z - debug:  
2022-07-20T18:52:04.951Z - debug:  
2022-07-20T18:52:05.229Z - debug:  
2022-07-20T18:52:05.341Z - debug:  
2022-07-20T18:55:06.785Z - info: [2:55:06 am] Reload for file change: C:\repos\nus-cs2103\cs2103-website-base\book\uml\miscellaneous\objectVsClassDiagrams\text.md
2022-07-20T18:55:06.786Z - info: Synchronizing opened pages list before reload
2022-07-20T18:55:06.786Z - info: Current opened pages, from most-to-least recent:
2022-07-20T18:55:06.786Z - info: 1. book/uml/miscellaneous/objectVsClassDiagrams/index
2022-07-20T18:55:07.797Z - info: Rebuilding 1 pages
2022-07-20T18:55:07.977Z - info: Site data built
2022-07-20T18:55:07.977Z - info: Pages rebuilt
2022-07-20T18:55:07.978Z - info: Website regeneration complete! Total build time: 0.183s
2022-07-20T18:55:10.369Z - debug:  
2022-07-20T18:55:10.583Z - debug:  
2022-07-20T18:55:10.992Z - debug:  
2022-07-20T18:55:11.007Z - debug:  
2022-07-20T18:56:02.570Z - info: [2:56:02 am] Reload for file change: C:\repos\nus-cs2103\cs2103-website-base\book\uml\miscellaneous\objectVsClassDiagrams\text.md
2022-07-20T18:56:02.570Z - info: Synchronizing opened pages list before reload
2022-07-20T18:56:02.570Z - info: Current opened pages, from most-to-least recent:
2022-07-20T18:56:02.571Z - info: 1. book/uml/miscellaneous/objectVsClassDiagrams/index
2022-07-20T18:56:03.582Z - info: Rebuilding 1 pages
2022-07-20T18:56:03.741Z - info: Site data built
2022-07-20T18:56:03.741Z - info: Pages rebuilt
2022-07-20T18:56:03.741Z - info: Website regeneration complete! Total build time: 0.16s
2022-07-20T18:56:06.412Z - debug:  
2022-07-20T18:56:06.525Z - debug:  
2022-07-20T18:56:06.707Z - debug:  
2022-07-20T18:56:06.723Z - debug:  
2022-07-20T18:56:49.552Z - info: [2:56:49 am] Reload for file change: C:\repos\nus-cs2103\cs2103-website-base\book\uml\miscellaneous\objectVsClassDiagrams\text.md
2022-07-20T18:56:49.553Z - info: Synchronizing opened pages list before reload
2022-07-20T18:56:49.553Z - info: Current opened pages, from most-to-least recent:
2022-07-20T18:56:49.553Z - info: 1. book/uml/miscellaneous/objectVsClassDiagrams/index
2022-07-20T18:56:50.567Z - info: Rebuilding 1 pages
2022-07-20T18:56:50.731Z - info: Site data built
2022-07-20T18:56:50.731Z - info: Pages rebuilt
2022-07-20T18:56:50.731Z - info: Website regeneration complete! Total build time: 0.165s
2022-07-20T18:56:53.154Z - debug:  
2022-07-20T18:56:53.217Z - debug:  
2022-07-20T18:56:53.660Z - debug:  
2022-07-20T18:56:53.674Z - debug:  
2022-07-20T18:57:16.898Z - info: [2:57:16 am] Reload for file change: C:\repos\nus-cs2103\cs2103-website-base\book\uml\miscellaneous\objectVsClassDiagrams\text.md
2022-07-20T18:57:16.899Z - info: Synchronizing opened pages list before reload
2022-07-20T18:57:16.899Z - info: Current opened pages, from most-to-least recent:
2022-07-20T18:57:16.899Z - info: 1. book/uml/miscellaneous/objectVsClassDiagrams/index
2022-07-20T18:57:17.908Z - info: Rebuilding 1 pages
2022-07-20T18:57:18.041Z - info: Site data built
2022-07-20T18:57:18.041Z - info: Pages rebuilt
2022-07-20T18:57:18.041Z - info: Website regeneration complete! Total build time: 0.136s
2022-07-20T18:57:20.754Z - debug:  
2022-07-20T18:57:20.771Z - debug:  
2022-07-20T18:57:20.934Z - debug:  
2022-07-20T18:57:20.951Z - debug:  
2022-07-20T18:57:43.364Z - info: [2:57:43 am] Reload for file change: C:\repos\nus-cs2103\cs2103-website-base\book\uml\miscellaneous\objectVsClassDiagrams\text.md
2022-07-20T18:57:43.364Z - info: Synchronizing opened pages list before reload
2022-07-20T18:57:43.365Z - info: Current opened pages, from most-to-least recent:
2022-07-20T18:57:43.365Z - info: 1. book/uml/miscellaneous/objectVsClassDiagrams/index
2022-07-20T18:57:44.367Z - info: Rebuilding 1 pages
2022-07-20T18:57:44.543Z - info: Site data built
2022-07-20T18:57:44.543Z - info: Pages rebuilt
2022-07-20T18:57:44.543Z - info: Website regeneration complete! Total build time: 0.177s
2022-07-20T18:57:46.924Z - debug:  
2022-07-20T18:57:47.114Z - debug:  
2022-07-20T18:57:47.411Z - debug:  
2022-07-20T18:57:47.473Z - debug:  
2022-07-20T18:58:15.117Z - info: [2:58:15 am] Reload for file change: C:\repos\nus-cs2103\cs2103-website-base\book\uml\miscellaneous\objectVsClassDiagrams\text.md
2022-07-20T18:58:15.117Z - info: Synchronizing opened pages list before reload
2022-07-20T18:58:15.118Z - info: Current opened pages, from most-to-least recent:
2022-07-20T18:58:15.118Z - info: 1. book/uml/miscellaneous/objectVsClassDiagrams/index
2022-07-20T18:58:16.127Z - info: Rebuilding 1 pages
2022-07-20T18:58:16.285Z - info: Site data built
2022-07-20T18:58:16.285Z - info: Pages rebuilt
2022-07-20T18:58:16.285Z - info: Website regeneration complete! Total build time: 0.16s
2022-07-20T18:58:18.731Z - debug:  
2022-07-20T18:58:18.896Z - debug:  
2022-07-20T18:58:19.074Z - debug:  
2022-07-20T18:58:19.091Z - debug:  
2022-07-20T18:59:46.887Z - info: [2:59:46 am] Reload for file change: C:\repos\nus-cs2103\cs2103-website-base\book\uml\miscellaneous\objectVsClassDiagrams\text.md
2022-07-20T18:59:46.888Z - info: Synchronizing opened pages list before reload
2022-07-20T18:59:46.888Z - info: Current opened pages, from most-to-least recent:
2022-07-20T18:59:46.888Z - info: 1. book/uml/miscellaneous/objectVsClassDiagrams/index
2022-07-20T18:59:47.892Z - info: Rebuilding 1 pages
2022-07-20T18:59:48.040Z - info: Site data built
2022-07-20T18:59:48.040Z - info: Pages rebuilt
2022-07-20T18:59:48.040Z - info: Website regeneration complete! Total build time: 0.149s
2022-07-20T18:59:51.151Z - debug:  
2022-07-20T18:59:51.356Z - debug:  
2022-07-20T18:59:52.004Z - debug:  
2022-07-20T18:59:52.006Z - debug:  
2022-07-20T19:01:40.252Z - info: [3:01:40 am] Reload for file change: C:\repos\nus-cs2103\cs2103-website-base\book\uml\miscellaneous\objectVsClassDiagrams\text.md
2022-07-20T19:01:40.252Z - info: Synchronizing opened pages list before reload
2022-07-20T19:01:40.252Z - info: Current opened pages, from most-to-least recent:
2022-07-20T19:01:40.252Z - info: 1. book/uml/miscellaneous/objectVsClassDiagrams/index
2022-07-20T19:01:41.259Z - info: Rebuilding 1 pages
2022-07-20T19:01:41.472Z - info: Site data built
2022-07-20T19:01:41.472Z - info: Pages rebuilt
2022-07-20T19:01:41.472Z - info: Website regeneration complete! Total build time: 0.213s
2022-07-20T19:01:45.979Z - debug:  
2022-07-20T19:01:46.022Z - debug:  
2022-07-20T19:01:46.678Z - debug:  
2022-07-20T19:01:46.753Z - debug:  
2022-07-20T19:03:21.748Z - info: [3:03:21 am] Reload for file change: C:\repos\nus-cs2103\cs2103-website-base\book\uml\miscellaneous\objectVsClassDiagrams\text.md
2022-07-20T19:03:21.749Z - info: Synchronizing opened pages list before reload
2022-07-20T19:03:21.749Z - info: Current opened pages, from most-to-least recent:
2022-07-20T19:03:21.749Z - info: 1. book/uml/miscellaneous/objectVsClassDiagrams/index
2022-07-20T19:03:22.765Z - info: Rebuilding 1 pages
2022-07-20T19:03:22.929Z - info: Site data built
2022-07-20T19:03:22.929Z - info: Pages rebuilt
2022-07-20T19:03:22.929Z - info: Website regeneration complete! Total build time: 0.166s
2022-07-20T19:03:25.151Z - debug:  
2022-07-20T19:03:25.199Z - debug:  
2022-07-20T19:03:25.561Z - debug:  
2022-07-20T19:03:25.600Z - debug:  
2022-07-20T19:04:02.674Z - info: [3:04:02 am] Reload for file change: C:\repos\nus-cs2103\cs2103-website-base\book\uml\miscellaneous\objectVsClassDiagrams\text.md
2022-07-20T19:04:02.675Z - info: Synchronizing opened pages list before reload
2022-07-20T19:04:02.675Z - info: Current opened pages, from most-to-least recent:
2022-07-20T19:04:02.675Z - info: 1. book/uml/miscellaneous/objectVsClassDiagrams/index
2022-07-20T19:04:03.680Z - info: Rebuilding 1 pages
2022-07-20T19:04:03.842Z - info: Site data built
2022-07-20T19:04:03.842Z - info: Pages rebuilt
2022-07-20T19:04:03.842Z - info: Website regeneration complete! Total build time: 0.164s
2022-07-20T19:04:05.941Z - debug:  
2022-07-20T19:04:06.001Z - debug:  
2022-07-20T19:04:06.254Z - debug:  
2022-07-20T19:04:06.289Z - debug:  
2022-07-20T19:05:12.701Z - info: [3:05:12 am] Reload for file change: C:\repos\nus-cs2103\cs2103-website-base\book\uml\miscellaneous\objectVsClassDiagrams\text.md
2022-07-20T19:05:12.701Z - info: Synchronizing opened pages list before reload
2022-07-20T19:05:12.701Z - info: Current opened pages, from most-to-least recent:
2022-07-20T19:05:12.701Z - info: 1. book/uml/miscellaneous/objectVsClassDiagrams/index
2022-07-20T19:05:13.707Z - info: Rebuilding 1 pages
2022-07-20T19:05:13.854Z - info: Site data built
2022-07-20T19:05:13.855Z - info: Pages rebuilt
2022-07-20T19:05:13.855Z - info: Website regeneration complete! Total build time: 0.148s
2022-07-20T19:05:16.063Z - debug:  
2022-07-20T19:05:16.077Z - debug:  
2022-07-20T19:05:16.378Z - debug:  
2022-07-20T19:05:16.388Z - debug:  
2022-07-20T19:06:11.068Z - info: [3:06:11 am] Reload for file change: C:\repos\nus-cs2103\cs2103-website-base\book\uml\miscellaneous\objectVsClassDiagrams\text.md
2022-07-20T19:06:11.068Z - info: Synchronizing opened pages list before reload
2022-07-20T19:06:11.069Z - info: Current opened pages, from most-to-least recent:
2022-07-20T19:06:11.069Z - info: 1. book/uml/miscellaneous/objectVsClassDiagrams/index
2022-07-20T19:06:12.073Z - info: Rebuilding 1 pages
2022-07-20T19:06:12.239Z - info: Site data built
2022-07-20T19:06:12.239Z - info: Pages rebuilt
2022-07-20T19:06:12.239Z - info: Website regeneration complete! Total build time: 0.168s
2022-07-20T19:06:14.468Z - debug:  
2022-07-20T19:06:14.563Z - debug:  
2022-07-20T19:06:14.790Z - debug:  
2022-07-20T19:06:14.869Z - debug:  
2022-07-20T19:08:11.092Z - info: [3:08:11 am] Reload for file change: C:\repos\nus-cs2103\cs2103-website-base\book\uml\miscellaneous\objectVsClassDiagrams\text.md
2022-07-20T19:08:11.092Z - info: Synchronizing opened pages list before reload
2022-07-20T19:08:11.092Z - info: Current opened pages, from most-to-least recent:
2022-07-20T19:08:11.092Z - info: 1. book/uml/miscellaneous/objectVsClassDiagrams/index
2022-07-20T19:08:12.105Z - info: Rebuilding 1 pages
2022-07-20T19:08:12.266Z - info: Site data built
2022-07-20T19:08:12.266Z - info: Pages rebuilt
2022-07-20T19:08:12.266Z - info: Website regeneration complete! Total build time: 0.163s
2022-07-20T19:08:14.411Z - debug:  
2022-07-20T19:08:14.522Z - debug:  
2022-07-20T19:08:14.929Z - debug:  
2022-07-20T19:08:14.945Z - debug:  
2022-07-20T19:08:50.945Z - info: [3:08:50 am] Reload for file change: C:\repos\nus-cs2103\cs2103-website-base\book\uml\miscellaneous\objectVsClassDiagrams\text.md
2022-07-20T19:08:50.945Z - info: Synchronizing opened pages list before reload
2022-07-20T19:08:50.945Z - info: Current opened pages, from most-to-least recent:
2022-07-20T19:08:50.945Z - info: 1. book/uml/miscellaneous/objectVsClassDiagrams/index
2022-07-20T19:08:51.954Z - info: Rebuilding 1 pages
2022-07-20T19:08:52.140Z - info: Site data built
2022-07-20T19:08:52.140Z - info: Pages rebuilt
2022-07-20T19:08:52.140Z - info: Website regeneration complete! Total build time: 0.186s
2022-07-20T19:08:54.364Z - debug:  
2022-07-20T19:08:54.493Z - debug:  
2022-07-20T19:08:54.820Z - debug:  
2022-07-20T19:08:54.900Z - debug:  
2022-07-20T19:09:26.789Z - info: [3:09:26 am] Reload for file change: C:\repos\nus-cs2103\cs2103-website-base\book\uml\miscellaneous\objectVsClassDiagrams\text.md
2022-07-20T19:09:26.789Z - info: Synchronizing opened pages list before reload
2022-07-20T19:09:26.790Z - info: Current opened pages, from most-to-least recent:
2022-07-20T19:09:26.790Z - info: 1. book/uml/miscellaneous/objectVsClassDiagrams/index
2022-07-20T19:09:27.801Z - info: Rebuilding 1 pages
2022-07-20T19:09:27.966Z - info: Site data built
2022-07-20T19:09:27.967Z - info: Pages rebuilt
2022-07-20T19:09:27.967Z - info: Website regeneration complete! Total build time: 0.166s
2022-07-20T19:09:30.253Z - debug:  
2022-07-20T19:09:30.321Z - debug:  
2022-07-20T19:09:30.504Z - debug:  
2022-07-20T19:09:30.516Z - debug:  
2022-07-20T19:09:47.701Z - info: [3:09:47 am] Reload for file change: C:\repos\nus-cs2103\cs2103-website-base\book\uml\miscellaneous\objectVsClassDiagrams\text.md
2022-07-20T19:09:47.702Z - info: Synchronizing opened pages list before reload
2022-07-20T19:09:47.702Z - info: Current opened pages, from most-to-least recent:
2022-07-20T19:09:47.702Z - info: 1. book/uml/miscellaneous/objectVsClassDiagrams/index
2022-07-20T19:09:48.711Z - info: Rebuilding 1 pages
2022-07-20T19:09:48.879Z - info: Site data built
2022-07-20T19:09:48.879Z - info: Pages rebuilt
2022-07-20T19:09:48.879Z - info: Website regeneration complete! Total build time: 0.17s
2022-07-20T19:09:51.052Z - debug:  
2022-07-20T19:09:51.178Z - debug:  
2022-07-20T19:09:51.523Z - debug:  
2022-07-20T19:09:51.527Z - debug:  
2022-07-20T19:10:26.838Z - info: [3:10:26 am] Reload for file change: C:\repos\nus-cs2103\cs2103-website-base\book\uml\miscellaneous\objectVsClassDiagrams\text.md
2022-07-20T19:10:26.838Z - info: Synchronizing opened pages list before reload
2022-07-20T19:10:26.838Z - info: Current opened pages, from most-to-least recent:
2022-07-20T19:10:26.838Z - info: 1. book/uml/miscellaneous/objectVsClassDiagrams/index
2022-07-20T19:10:27.848Z - info: Rebuilding 1 pages
2022-07-20T19:10:28.032Z - info: Site data built
2022-07-20T19:10:28.032Z - info: Pages rebuilt
2022-07-20T19:10:28.032Z - info: Website regeneration complete! Total build time: 0.185s
2022-07-20T19:10:31.043Z - debug:  
2022-07-20T19:10:31.068Z - debug:  
2022-07-20T19:10:31.192Z - debug:  
2022-07-20T19:10:31.207Z - debug:  
2022-07-20T19:11:36.854Z - info: [3:11:36 am] Reload for file change: C:\repos\nus-cs2103\cs2103-website-base\book\uml\miscellaneous\objectVsClassDiagrams\text.md
2022-07-20T19:11:36.854Z - info: Synchronizing opened pages list before reload
2022-07-20T19:11:36.854Z - info: Current opened pages, from most-to-least recent:
2022-07-20T19:11:36.854Z - info: 1. book/uml/miscellaneous/objectVsClassDiagrams/index
2022-07-20T19:11:37.859Z - info: Rebuilding 1 pages
2022-07-20T19:11:38.017Z - info: Site data built
2022-07-20T19:11:38.017Z - info: Pages rebuilt
2022-07-20T19:11:38.017Z - info: Website regeneration complete! Total build time: 0.16s
2022-07-20T19:11:40.266Z - debug:  
2022-07-20T19:11:40.408Z - debug:  
2022-07-20T19:11:40.592Z - debug:  
2022-07-20T19:11:40.621Z - debug:  
2022-07-20T19:12:52.506Z - info: [3:12:52 am] Reload for file add: C:\repos\nus-cs2103\cs2103-website-base\book\uml\miscellaneous\objectVsClassDiagrams\images\cd-StudentDegree.puml
2022-07-20T19:12:52.507Z - info: Synchronizing opened pages list before reload
2022-07-20T19:12:52.507Z - info: Current opened pages, from most-to-least recent:
2022-07-20T19:12:52.507Z - info: 1. book/uml/miscellaneous/objectVsClassDiagrams/index
2022-07-20T19:12:57.192Z - info: Assets built
2022-07-20T19:13:58.384Z - info: [3:13:58 am] Reload for file change: C:\repos\nus-cs2103\cs2103-website-base\book\uml\miscellaneous\objectVsClassDiagrams\images\cd-StudentDegree.puml
2022-07-20T19:13:58.384Z - info: Synchronizing opened pages list before reload
2022-07-20T19:13:58.384Z - info: Current opened pages, from most-to-least recent:
2022-07-20T19:13:58.384Z - info: 1. book/uml/miscellaneous/objectVsClassDiagrams/index
2022-07-20T19:13:59.408Z - info: Assets built
2022-07-20T19:14:30.093Z - info: [3:14:30 am] Reload for file change: C:\repos\nus-cs2103\cs2103-website-base\book\uml\miscellaneous\objectVsClassDiagrams\images\cd-StudentDegree.puml
2022-07-20T19:14:30.093Z - info: Synchronizing opened pages list before reload
2022-07-20T19:14:30.093Z - info: Current opened pages, from most-to-least recent:
2022-07-20T19:14:30.093Z - info: 1. book/uml/miscellaneous/objectVsClassDiagrams/index
2022-07-20T19:14:31.143Z - info: Assets built
2022-07-20T19:15:27.835Z - info: [3:15:27 am] Reload for file change: C:\repos\nus-cs2103\cs2103-website-base\book\uml\miscellaneous\objectVsClassDiagrams\text.md
2022-07-20T19:15:27.835Z - info: Synchronizing opened pages list before reload
2022-07-20T19:15:27.835Z - info: Current opened pages, from most-to-least recent:
2022-07-20T19:15:27.835Z - info: 1. book/uml/miscellaneous/objectVsClassDiagrams/index
2022-07-20T19:15:27.846Z - info: [3:15:27 am] Reload for file change: C:\repos\nus-cs2103\cs2103-website-base\book\uml\miscellaneous\objectVsClassDiagrams\images\cd-StudentDegree.puml
2022-07-20T19:15:27.847Z - info: Synchronizing opened pages list before reload
2022-07-20T19:15:27.847Z - info: Current opened pages, from most-to-least recent:
2022-07-20T19:15:27.847Z - info: 1. book/uml/miscellaneous/objectVsClassDiagrams/index
2022-07-20T19:15:28.843Z - info: Rebuilding 1 pages
2022-07-20T19:15:29.076Z - info: Assets built
2022-07-20T19:15:29.086Z - info: Site data built
2022-07-20T19:15:29.086Z - info: Pages rebuilt
2022-07-20T19:15:29.086Z - info: Website regeneration complete! Total build time: 0.243s
2022-07-20T19:15:32.050Z - debug:  
2022-07-20T19:15:32.128Z - debug:  
2022-07-20T19:15:32.416Z - debug:  
2022-07-20T19:15:32.524Z - debug:  
2022-07-20T19:15:32.573Z - debug:  
2022-07-20T19:20:32.586Z - info: [3:20:32 am] Reload for file change: C:\repos\nus-cs2103\cs2103-website-base\book\uml\miscellaneous\objectVsClassDiagrams\images\cd-StudentDegree.puml
2022-07-20T19:20:32.586Z - info: Synchronizing opened pages list before reload
2022-07-20T19:20:32.586Z - info: Current opened pages, from most-to-least recent:
2022-07-20T19:20:32.586Z - info: 1. book/uml/miscellaneous/objectVsClassDiagrams/index
2022-07-20T19:20:32.596Z - info: [3:20:32 am] Reload for file add: C:\repos\nus-cs2103\cs2103-website-base\book\uml\miscellaneous\objectVsClassDiagrams\images\od-StudentDegree.puml
2022-07-20T19:20:32.596Z - info: Synchronizing opened pages list before reload
2022-07-20T19:20:32.596Z - info: Current opened pages, from most-to-least recent:
2022-07-20T19:20:32.596Z - info: 1. book/uml/miscellaneous/objectVsClassDiagrams/index
2022-07-20T19:20:36.292Z - info: Rebuilding 1 pages
2022-07-20T19:20:36.496Z - info: Site data built
2022-07-20T19:20:36.496Z - info: Pages rebuilt
2022-07-20T19:20:36.496Z - info: Website regeneration complete! Total build time: 0.205s
2022-07-20T19:20:37.321Z - info: Assets built
2022-07-20T19:20:39.306Z - debug:  
2022-07-20T19:20:39.372Z - debug:  
2022-07-20T19:20:39.634Z - debug:  
2022-07-20T19:20:39.738Z - debug:  
2022-07-20T19:20:39.822Z - debug:  
2022-07-20T19:24:05.766Z - info: [3:24:05 am] Reload for file change: C:\repos\nus-cs2103\cs2103-website-base\book\uml\miscellaneous\objectVsClassDiagrams\images\od-StudentDegree.puml
2022-07-20T19:24:05.767Z - info: Synchronizing opened pages list before reload
2022-07-20T19:24:05.767Z - info: Current opened pages, from most-to-least recent:
2022-07-20T19:24:05.767Z - info: 1. book/uml/miscellaneous/objectVsClassDiagrams/index
2022-07-20T19:24:05.780Z - info: [3:24:05 am] Reload for file change: C:\repos\nus-cs2103\cs2103-website-base\book\uml\miscellaneous\objectVsClassDiagrams\text.md
2022-07-20T19:24:05.780Z - info: Synchronizing opened pages list before reload
2022-07-20T19:24:05.780Z - info: Current opened pages, from most-to-least recent:
2022-07-20T19:24:05.780Z - info: 1. book/uml/miscellaneous/objectVsClassDiagrams/index
2022-07-20T19:24:06.783Z - info: Rebuilding 1 pages
2022-07-20T19:24:07.002Z - info: Assets built
2022-07-20T19:24:07.028Z - info: Site data built
2022-07-20T19:24:07.028Z - info: Pages rebuilt
2022-07-20T19:24:07.028Z - info: Website regeneration complete! Total build time: 0.247s
2022-07-20T19:24:10.358Z - debug:  
2022-07-20T19:24:10.375Z - debug:  
2022-07-20T19:24:10.920Z - debug:  
2022-07-20T19:24:11.021Z - debug:  
2022-07-20T19:24:11.037Z - debug:  
2022-07-20T19:24:11.059Z - debug:  
2022-07-20T19:25:59.818Z - info: [3:25:59 am] Reload for file change: C:\repos\nus-cs2103\cs2103-website-base\book\uml\miscellaneous\objectVsClassDiagrams\images\od-StudentDegree.puml
2022-07-20T19:25:59.818Z - info: Synchronizing opened pages list before reload
2022-07-20T19:25:59.818Z - info: Current opened pages, from most-to-least recent:
2022-07-20T19:25:59.818Z - info: 1. book/uml/miscellaneous/objectVsClassDiagrams/index
2022-07-20T19:25:59.830Z - info: [3:25:59 am] Reload for file change: C:\repos\nus-cs2103\cs2103-website-base\book\uml\miscellaneous\objectVsClassDiagrams\text.md
2022-07-20T19:25:59.830Z - info: Synchronizing opened pages list before reload
2022-07-20T19:25:59.830Z - info: Current opened pages, from most-to-least recent:
2022-07-20T19:25:59.830Z - info: 1. book/uml/miscellaneous/objectVsClassDiagrams/index
2022-07-20T19:26:00.833Z - info: Rebuilding 1 pages
2022-07-20T19:26:01.037Z - info: Site data built
2022-07-20T19:26:01.037Z - info: Pages rebuilt
2022-07-20T19:26:01.037Z - info: Website regeneration complete! Total build time: 0.205s
2022-07-20T19:26:04.097Z - debug:  
2022-07-20T19:26:04.385Z - debug:  
2022-07-20T19:26:04.690Z - debug:  
2022-07-20T19:26:04.698Z - debug:  
2022-07-20T19:26:04.883Z - debug:  
2022-07-20T19:26:04.888Z - debug:  
2022-07-20T19:27:15.764Z - info: [3:27:15 am] Reload for file change: C:\repos\nus-cs2103\cs2103-website-base\book\uml\miscellaneous\objectVsClassDiagrams\images\cd-StudentDegree.puml
2022-07-20T19:27:15.765Z - info: Synchronizing opened pages list before reload
2022-07-20T19:27:15.765Z - info: Current opened pages, from most-to-least recent:
2022-07-20T19:27:15.765Z - info: 1. book/uml/miscellaneous/objectVsClassDiagrams/index
2022-07-20T19:27:16.778Z - info: Rebuilding 1 pages
2022-07-20T19:27:16.960Z - info: Site data built
2022-07-20T19:27:16.960Z - info: Pages rebuilt
2022-07-20T19:27:16.960Z - info: Website regeneration complete! Total build time: 0.183s
2022-07-20T19:27:19.948Z - debug:  
2022-07-20T19:27:20.078Z - debug:  
2022-07-20T19:27:20.315Z - debug:  
2022-07-20T19:27:20.347Z - debug:  
2022-07-20T19:27:20.410Z - debug:  
2022-07-20T19:27:20.463Z - debug:  
2022-07-20T19:27:41.823Z - info: [3:27:41 am] Reload for file change: C:\repos\nus-cs2103\cs2103-website-base\book\uml\miscellaneous\objectVsClassDiagrams\images\cd-StudentDegree.puml
2022-07-20T19:27:41.823Z - info: Synchronizing opened pages list before reload
2022-07-20T19:27:41.823Z - info: Current opened pages, from most-to-least recent:
2022-07-20T19:27:41.823Z - info: 1. book/uml/miscellaneous/objectVsClassDiagrams/index
2022-07-20T19:27:42.840Z - info: Rebuilding 1 pages
2022-07-20T19:27:43.022Z - info: Site data built
2022-07-20T19:27:43.022Z - info: Pages rebuilt
2022-07-20T19:27:43.022Z - info: Website regeneration complete! Total build time: 0.182s
2022-07-20T19:27:46.227Z - debug:  
2022-07-20T19:27:46.483Z - debug:  
2022-07-20T19:27:46.619Z - debug:  
2022-07-20T19:27:46.853Z - debug:  
2022-07-20T19:27:46.906Z - debug:  
2022-07-20T19:27:46.917Z - debug:  
2022-07-20T19:28:06.700Z - info: [3:28:06 am] Reload for file change: C:\repos\nus-cs2103\cs2103-website-base\book\uml\miscellaneous\objectVsClassDiagrams\images\cd-StudentDegree.puml
2022-07-20T19:28:06.700Z - info: Synchronizing opened pages list before reload
2022-07-20T19:28:06.700Z - info: Current opened pages, from most-to-least recent:
2022-07-20T19:28:06.700Z - info: 1. book/uml/miscellaneous/objectVsClassDiagrams/index
2022-07-20T19:28:07.707Z - info: Rebuilding 1 pages
2022-07-20T19:28:07.887Z - info: Site data built
2022-07-20T19:28:07.887Z - info: Pages rebuilt
2022-07-20T19:28:07.887Z - info: Website regeneration complete! Total build time: 0.18s
2022-07-20T19:28:12.607Z - debug:  
2022-07-20T19:28:12.627Z - debug:  
2022-07-20T19:28:12.962Z - debug:  
2022-07-20T19:28:13.281Z - debug:  
2022-07-20T19:28:13.393Z - debug:  
2022-07-20T19:28:13.406Z - debug:  
2022-07-20T19:28:42.863Z - info: [3:28:42 am] Reload for file change: C:\repos\nus-cs2103\cs2103-website-base\book\uml\miscellaneous\objectVsClassDiagrams\text.md
2022-07-20T19:28:42.863Z - info: Synchronizing opened pages list before reload
2022-07-20T19:28:42.863Z - info: Current opened pages, from most-to-least recent:
2022-07-20T19:28:42.863Z - info: 1. book/uml/miscellaneous/objectVsClassDiagrams/index
2022-07-20T19:28:43.878Z - info: Rebuilding 1 pages
2022-07-20T19:28:44.092Z - info: Site data built
2022-07-20T19:28:44.092Z - info: Pages rebuilt
2022-07-20T19:28:44.092Z - info: Website regeneration complete! Total build time: 0.215s
2022-07-20T19:28:49.657Z - debug:  
2022-07-20T19:28:49.769Z - debug:  
2022-07-20T19:28:50.105Z - debug:  
2022-07-20T19:28:50.411Z - debug:  
2022-07-20T19:28:50.441Z - debug:  
2022-07-20T19:28:50.456Z - debug:  
2022-07-20T19:29:42.690Z - info: [3:29:42 am] Reload for file change: C:\repos\nus-cs2103\cs2103-website-base\book\uml\miscellaneous\objectVsClassDiagrams\text.md
2022-07-20T19:29:42.690Z - info: Synchronizing opened pages list before reload
2022-07-20T19:29:42.690Z - info: Current opened pages, from most-to-least recent:
2022-07-20T19:29:42.690Z - info: 1. book/uml/miscellaneous/objectVsClassDiagrams/index
2022-07-20T19:29:43.699Z - info: Rebuilding 1 pages
2022-07-20T19:29:43.932Z - info: Site data built
2022-07-20T19:29:43.932Z - info: Pages rebuilt
2022-07-20T19:29:43.932Z - info: Website regeneration complete! Total build time: 0.233s
2022-07-20T19:29:49.315Z - debug:  
2022-07-20T19:29:49.749Z - debug:  
2022-07-20T19:29:50.419Z - debug:  
2022-07-20T19:29:50.431Z - debug:  
2022-07-20T19:29:50.627Z - debug:  
2022-07-20T19:29:50.647Z - debug:  
2022-07-20T19:30:48.027Z - info: [3:30:48 am] Reload for file change: C:\repos\nus-cs2103\cs2103-website-base\book\uml\miscellaneous\objectVsClassDiagrams\text.md
2022-07-20T19:30:48.027Z - info: Synchronizing opened pages list before reload
2022-07-20T19:30:48.028Z - info: Current opened pages, from most-to-least recent:
2022-07-20T19:30:48.028Z - info: 1. book/uml/miscellaneous/objectVsClassDiagrams/index
2022-07-20T19:30:49.035Z - info: Rebuilding 1 pages
2022-07-20T19:30:49.288Z - info: Site data built
2022-07-20T19:30:49.288Z - info: Pages rebuilt
2022-07-20T19:30:49.288Z - info: Website regeneration complete! Total build time: 0.254s
2022-07-20T19:30:54.320Z - debug:  
2022-07-20T19:30:54.415Z - debug:  
2022-07-20T19:30:55.177Z - debug:  
2022-07-20T19:30:55.297Z - debug:  
2022-07-20T19:30:55.310Z - debug:  
2022-07-20T19:30:55.322Z - debug:  
2022-07-20T19:31:17.386Z - info: [3:31:17 am] Reload for file change: C:\repos\nus-cs2103\cs2103-website-base\book\uml\miscellaneous\objectVsClassDiagrams\text.md
2022-07-20T19:31:17.386Z - info: Synchronizing opened pages list before reload
2022-07-20T19:31:17.386Z - info: Current opened pages, from most-to-least recent:
2022-07-20T19:31:17.386Z - info: 1. book/uml/miscellaneous/objectVsClassDiagrams/index
2022-07-20T19:31:18.397Z - info: Rebuilding 1 pages
2022-07-20T19:31:18.762Z - info: Site data built
2022-07-20T19:31:18.762Z - info: Pages rebuilt
2022-07-20T19:31:18.762Z - info: Website regeneration complete! Total build time: 0.365s
2022-07-20T19:31:26.155Z - debug:  
2022-07-20T19:31:26.173Z - debug:  
2022-07-20T19:31:26.672Z - debug:  
2022-07-20T19:31:26.708Z - debug:  
2022-07-20T19:31:26.729Z - debug:  
2022-07-20T19:31:26.762Z - debug:  
2022-07-20T19:33:14.433Z - info: [3:33:14 am] Reload for file add: C:\repos\nus-cs2103\cs2103-website-base\book\uml\miscellaneous\objectVsClassDiagrams\images\od-StudentDegree2.puml
2022-07-20T19:33:14.434Z - info: Synchronizing opened pages list before reload
2022-07-20T19:33:14.434Z - info: Current opened pages, from most-to-least recent:
2022-07-20T19:33:14.434Z - info: 1. book/uml/miscellaneous/objectVsClassDiagrams/index
2022-07-20T19:33:17.943Z - info: [3:33:17 am] Reload for file change: C:\repos\nus-cs2103\cs2103-website-base\book\uml\miscellaneous\objectVsClassDiagrams\text.md
2022-07-20T19:33:17.944Z - info: Synchronizing opened pages list before reload
2022-07-20T19:33:17.944Z - info: Current opened pages, from most-to-least recent:
2022-07-20T19:33:17.944Z - info: 1. book/uml/miscellaneous/objectVsClassDiagrams/index
2022-07-20T19:33:18.945Z - info: Rebuilding 1 pages
2022-07-20T19:33:19.150Z - info: Assets built
2022-07-20T19:33:19.164Z - info: Site data built
2022-07-20T19:33:19.164Z - info: Pages rebuilt
2022-07-20T19:33:19.164Z - info: Website regeneration complete! Total build time: 0.22s
2022-07-20T19:33:22.078Z - debug:  
2022-07-20T19:33:22.266Z - debug:  
2022-07-20T19:33:22.390Z - debug:  
2022-07-20T19:33:22.472Z - debug:  
2022-07-20T19:33:22.626Z - debug:  
2022-07-20T19:33:22.675Z - debug:  
2022-07-20T19:34:09.289Z - info: [3:34:09 am] Reload for file deletion: C:\repos\nus-cs2103\cs2103-website-base\book\uml\miscellaneous\objectVsClassDiagrams\images\od-StudentDegree2.puml
2022-07-20T19:34:09.289Z - info: Synchronizing opened pages list before reload
2022-07-20T19:34:09.290Z - info: Current opened pages, from most-to-least recent:
2022-07-20T19:34:09.290Z - info: 1. book/uml/miscellaneous/objectVsClassDiagrams/index
2022-07-20T19:34:13.400Z - debug: Assets removed
2022-07-20T19:35:56.933Z - info: [3:35:56 am] Reload for file change: C:\repos\nus-cs2103\cs2103-website-base\book\uml\miscellaneous\objectVsClassDiagrams\images\od-StudentDegree.puml
2022-07-20T19:35:56.933Z - info: Synchronizing opened pages list before reload
2022-07-20T19:35:56.933Z - info: Current opened pages, from most-to-least recent:
2022-07-20T19:35:56.933Z - info: 1. book/uml/miscellaneous/objectVsClassDiagrams/index
2022-07-20T19:35:57.950Z - info: Rebuilding 1 pages
2022-07-20T19:35:58.172Z - info: Site data built
2022-07-20T19:35:58.172Z - info: Pages rebuilt
2022-07-20T19:35:58.172Z - info: Website regeneration complete! Total build time: 0.222s
2022-07-20T19:36:01.311Z - debug:  
2022-07-20T19:36:01.328Z - debug:  
2022-07-20T19:36:01.751Z - debug:  
2022-07-20T19:36:01.829Z - debug:  
2022-07-20T19:36:01.860Z - debug:  
2022-07-20T19:36:01.907Z - debug:  
2022-07-20T19:36:33.338Z - info: [3:36:33 am] Reload for file change: C:\repos\nus-cs2103\cs2103-website-base\book\uml\miscellaneous\objectVsClassDiagrams\images\od-StudentDegree.puml
2022-07-20T19:36:33.338Z - info: Synchronizing opened pages list before reload
2022-07-20T19:36:33.338Z - info: Current opened pages, from most-to-least recent:
2022-07-20T19:36:33.339Z - info: 1. book/uml/miscellaneous/objectVsClassDiagrams/index
2022-07-20T19:36:34.345Z - info: Rebuilding 1 pages
2022-07-20T19:36:34.554Z - info: Site data built
2022-07-20T19:36:34.554Z - info: Pages rebuilt
2022-07-20T19:36:34.554Z - info: Website regeneration complete! Total build time: 0.209s
2022-07-20T19:36:37.612Z - debug:  
2022-07-20T19:36:37.707Z - debug:  
2022-07-20T19:36:38.102Z - debug:  
2022-07-20T19:36:38.211Z - debug:  
2022-07-20T19:36:38.227Z - debug:  
2022-07-20T19:36:38.244Z - debug:  
2022-07-20T19:38:51.841Z - info: [3:38:51 am] Reload for file change: C:\repos\nus-cs2103\cs2103-website-base\book\uml\miscellaneous\objectVsClassDiagrams\text.md
2022-07-20T19:38:51.841Z - info: Synchronizing opened pages list before reload
2022-07-20T19:38:51.841Z - info: Current opened pages, from most-to-least recent:
2022-07-20T19:38:51.841Z - info: 1. book/uml/miscellaneous/objectVsClassDiagrams/index
2022-07-20T19:38:52.851Z - info: Rebuilding 1 pages
2022-07-20T19:38:53.068Z - info: Site data built
2022-07-20T19:38:53.068Z - info: Pages rebuilt
2022-07-20T19:38:53.068Z - info: Website regeneration complete! Total build time: 0.219s
2022-07-20T19:38:56.538Z - debug:  
2022-07-20T19:38:56.608Z - debug:  
2022-07-20T19:38:56.669Z - debug:  
2022-07-20T19:38:56.830Z - debug:  
2022-07-20T19:38:56.874Z - debug:  
2022-07-20T19:38:56.912Z - debug:  
2022-07-20T19:40:21.403Z - info: [3:40:21 am] Reload for file change: C:\repos\nus-cs2103\cs2103-website-base\book\uml\miscellaneous\objectVsClassDiagrams\images\cd-StudentDegree.puml
2022-07-20T19:40:21.403Z - info: Synchronizing opened pages list before reload
2022-07-20T19:40:21.404Z - info: Current opened pages, from most-to-least recent:
2022-07-20T19:40:21.404Z - info: 1. book/uml/miscellaneous/objectVsClassDiagrams/index
2022-07-20T19:40:22.420Z - info: Rebuilding 1 pages
2022-07-20T19:40:22.603Z - info: Site data built
2022-07-20T19:40:22.603Z - info: Pages rebuilt
2022-07-20T19:40:22.603Z - info: Website regeneration complete! Total build time: 0.183s
2022-07-20T19:40:25.464Z - debug:  
2022-07-20T19:40:26.104Z - debug:  
2022-07-20T19:40:26.237Z - debug:  
2022-07-20T19:40:26.282Z - debug:  
2022-07-20T19:40:26.422Z - debug:  
2022-07-20T19:40:26.460Z - debug:  
2022-07-21T15:50:27.792Z - info: Website generation (lazy) started at 11:50:26 pm
2022-07-21T15:50:36.813Z - info: Building assets...
2022-07-21T15:50:43.482Z - info: Assets built
2022-07-21T15:50:43.483Z - info: Generating landing page...
2022-07-21T15:50:44.169Z - info: Landing page built, other pages will be built as you navigate to them!
2022-07-21T15:50:45.141Z - info: Site data built
2022-07-21T15:50:45.141Z - info: Website generation (lazy) complete! Total build time: 18.601s
2022-07-21T15:50:46.086Z - info: Serving "C:\repos\nus-cs2103\cs2103-website-base\_site" at http://127.0.0.1:8080
2022-07-21T15:50:46.087Z - info: Press CTRL+C to stop ...
