2022-08-04T11:22:58.330Z - info: Website generation (lazy) started at 7:22:54 pm
2022-08-04T11:23:10.728Z - info: Building assets...
2022-08-04T11:23:18.551Z - info: Assets built
2022-08-04T11:23:18.553Z - info: Generating landing page...
2022-08-04T11:23:19.609Z - info: Landing page built, other pages will be built as you navigate to them!
2022-08-04T11:23:20.920Z - info: Site data built
2022-08-04T11:23:20.920Z - info: Website generation (lazy) complete! Total build time: 26.026s
2022-08-04T11:23:21.948Z - info: Serving "C:\repos\nus-cs2103\cs2103-website-base\_site" at http://127.0.0.1:8080
2022-08-04T11:23:21.948Z - info: Press CTRL+C to stop ...
2022-08-04T11:25:09.102Z - info: Building C:\repos\nus-cs2103\cs2103-website-base\se-book-adapted\index as some of its dependencies were changed since the last visit
2022-08-04T11:25:09.500Z - info: Site data built
2022-08-04T11:25:09.500Z - info: Lazy website regeneration complete! Total build time: 0.4s
2022-08-04T11:25:22.341Z - info: Building C:\repos\nus-cs2103\cs2103-website-base\se-book-adapted\chapters\revisionControl as some of its dependencies were changed since the last visit
2022-08-04T11:25:23.030Z - info: Site data built
2022-08-04T11:25:23.030Z - info: Lazy website regeneration complete! Total build time: 0.689s
2022-08-04T11:25:35.915Z - info: Building C:\repos\nus-cs2103\cs2103-website-base\se-book-adapted\chapters\gitAndGithub as some of its dependencies were changed since the last visit
2022-08-04T11:25:37.119Z - info: Site data built
2022-08-04T11:25:37.119Z - info: Lazy website regeneration complete! Total build time: 1.204s
2022-08-04T11:32:30.433Z - info: [7:32:30 pm] Reload for file change: C:\repos\nus-cs2103\cs2103-website-base\book\gitAndGithub\forkingWorkflow\text.md
2022-08-04T11:32:30.433Z - info: Synchronizing opened pages list before reload
2022-08-04T11:32:30.434Z - info: Current opened pages, from most-to-least recent:
2022-08-04T11:32:30.434Z - info: 1. se-book-adapted/chapters/gitAndGithub
2022-08-04T11:32:31.444Z - info: Rebuilding 1 pages
2022-08-04T11:32:32.287Z - info: Site data built
2022-08-04T11:32:32.288Z - info: Pages rebuilt
2022-08-04T11:32:32.288Z - info: Website regeneration complete! Total build time: 0.845s
2022-08-04T11:32:48.767Z - info: [7:32:48 pm] Reload for file change: C:\repos\nus-cs2103\cs2103-website-base\book\gitAndGithub\forkingWorkflow\text.md
2022-08-04T11:32:48.768Z - info: Synchronizing opened pages list before reload
2022-08-04T11:32:48.768Z - info: Current opened pages, from most-to-least recent:
2022-08-04T11:32:48.768Z - info: 1. se-book-adapted/chapters/gitAndGithub
2022-08-04T11:32:49.780Z - info: Rebuilding 1 pages
2022-08-04T11:32:50.484Z - info: Site data built
2022-08-04T11:32:50.484Z - info: Pages rebuilt
2022-08-04T11:32:50.484Z - info: Website regeneration complete! Total build time: 0.706s
2022-08-04T11:35:06.867Z - info: [7:35:06 pm] Reload for file change: C:\repos\nus-cs2103\cs2103-website-base\book\gitAndGithub\forkingWorkflow\text.md
2022-08-04T11:35:06.868Z - info: Synchronizing opened pages list before reload
2022-08-04T11:35:06.869Z - info: Current opened pages, from most-to-least recent:
2022-08-04T11:35:06.869Z - info: 1. se-book-adapted/chapters/gitAndGithub
2022-08-04T11:35:07.891Z - info: Rebuilding 1 pages
2022-08-04T11:35:08.699Z - info: Site data built
2022-08-04T11:35:08.699Z - info: Pages rebuilt
2022-08-04T11:35:08.700Z - info: Website regeneration complete! Total build time: 0.81s
2022-08-04T11:37:25.294Z - info: [7:37:25 pm] Reload for file change: C:\repos\nus-cs2103\cs2103-website-base\book\gitAndGithub\init\text.md
2022-08-04T11:37:25.294Z - info: Synchronizing opened pages list before reload
2022-08-04T11:37:25.294Z - info: Current opened pages, from most-to-least recent:
2022-08-04T11:37:25.294Z - info: 1. se-book-adapted/chapters/gitAndGithub
2022-08-04T11:37:26.300Z - info: Rebuilding 1 pages
2022-08-04T11:37:26.825Z - info: Site data built
2022-08-04T11:37:26.825Z - info: Pages rebuilt
2022-08-04T11:37:26.825Z - info: Website regeneration complete! Total build time: 0.526s
2022-08-04T11:42:01.980Z - info: [7:42:01 pm] Reload for file change: C:\repos\nus-cs2103\cs2103-website-base\book\gitAndGithub\init\text.md
2022-08-04T11:42:01.981Z - info: Synchronizing opened pages list before reload
2022-08-04T11:42:01.981Z - info: Current opened pages, from most-to-least recent:
2022-08-04T11:42:01.981Z - info: 1. se-book-adapted/chapters/gitAndGithub
2022-08-04T11:42:02.995Z - info: Rebuilding 1 pages
2022-08-04T11:42:03.576Z - info: Site data built
2022-08-04T11:42:03.576Z - info: Pages rebuilt
2022-08-04T11:42:03.576Z - info: Website regeneration complete! Total build time: 0.582s
2022-08-04T11:42:17.450Z - info: [7:42:17 pm] Reload for file change: C:\repos\nus-cs2103\cs2103-website-base\book\gitAndGithub\init\text.md
2022-08-04T11:42:17.450Z - info: Synchronizing opened pages list before reload
2022-08-04T11:42:17.450Z - info: Current opened pages, from most-to-least recent:
2022-08-04T11:42:17.450Z - info: 1. se-book-adapted/chapters/gitAndGithub
2022-08-04T11:42:18.466Z - info: Rebuilding 1 pages
2022-08-04T11:42:19.023Z - info: Site data built
2022-08-04T11:42:19.023Z - info: Pages rebuilt
2022-08-04T11:42:19.023Z - info: Website regeneration complete! Total build time: 0.558s
2022-08-04T11:42:33.421Z - info: [7:42:33 pm] Reload for file change: C:\repos\nus-cs2103\cs2103-website-base\book\gitAndGithub\init\text.md
2022-08-04T11:42:33.422Z - info: Synchronizing opened pages list before reload
2022-08-04T11:42:33.422Z - info: Current opened pages, from most-to-least recent:
2022-08-04T11:42:33.423Z - info: 1. se-book-adapted/chapters/gitAndGithub
2022-08-04T11:42:34.437Z - info: Rebuilding 1 pages
2022-08-04T11:42:35.146Z - info: Site data built
2022-08-04T11:42:35.146Z - info: Pages rebuilt
2022-08-04T11:42:35.146Z - info: Website regeneration complete! Total build time: 0.71s
2022-08-04T11:43:55.452Z - info: [7:43:55 pm] Reload for file change: C:\repos\nus-cs2103\cs2103-website-base\book\gitAndGithub\init\text.md
2022-08-04T11:43:55.452Z - info: Synchronizing opened pages list before reload
2022-08-04T11:43:55.452Z - info: Current opened pages, from most-to-least recent:
2022-08-04T11:43:55.452Z - info: 1. se-book-adapted/chapters/gitAndGithub
2022-08-04T11:43:56.455Z - info: Rebuilding 1 pages
2022-08-04T11:43:57.172Z - info: Site data built
2022-08-04T11:43:57.172Z - info: Pages rebuilt
2022-08-04T11:43:57.172Z - info: Website regeneration complete! Total build time: 0.717s
2022-08-04T11:46:19.988Z - info: [7:46:19 pm] Reload for file change: C:\repos\nus-cs2103\cs2103-website-base\book\gitAndGithub\init\text.md
2022-08-04T11:46:19.988Z - info: Synchronizing opened pages list before reload
2022-08-04T11:46:19.988Z - info: Current opened pages, from most-to-least recent:
2022-08-04T11:46:19.988Z - info: 1. se-book-adapted/chapters/gitAndGithub
2022-08-04T11:46:21.005Z - info: Rebuilding 1 pages
2022-08-04T11:46:21.614Z - info: Site data built
2022-08-04T11:46:21.615Z - info: Pages rebuilt
2022-08-04T11:46:21.615Z - info: Website regeneration complete! Total build time: 0.611s
2022-08-04T11:46:51.050Z - info: [7:46:51 pm] Reload for file change: C:\repos\nus-cs2103\cs2103-website-base\book\gitAndGithub\init\text.md
2022-08-04T11:46:51.051Z - info: Synchronizing opened pages list before reload
2022-08-04T11:46:51.051Z - info: Current opened pages, from most-to-least recent:
2022-08-04T11:46:51.052Z - info: 1. se-book-adapted/chapters/gitAndGithub
2022-08-04T11:46:52.071Z - info: Rebuilding 1 pages
2022-08-04T11:46:52.764Z - info: Site data built
2022-08-04T11:46:52.764Z - info: Pages rebuilt
2022-08-04T11:46:52.764Z - info: Website regeneration complete! Total build time: 0.694s
2022-08-04T11:50:00.114Z - info: [7:50:00 pm] Reload for file change: C:\repos\nus-cs2103\cs2103-website-base\book\gitAndGithub\init\text.md
2022-08-04T11:50:00.114Z - info: Synchronizing opened pages list before reload
2022-08-04T11:50:00.115Z - info: Current opened pages, from most-to-least recent:
2022-08-04T11:50:00.115Z - info: 1. se-book-adapted/chapters/gitAndGithub
2022-08-04T11:50:01.129Z - info: Rebuilding 1 pages
2022-08-04T11:50:01.884Z - info: Site data built
2022-08-04T11:50:01.884Z - info: Pages rebuilt
2022-08-04T11:50:01.884Z - info: Website regeneration complete! Total build time: 0.756s
2022-08-04T11:51:06.832Z - info: [7:51:06 pm] Reload for file change: C:\repos\nus-cs2103\cs2103-website-base\book\gitAndGithub\init\text.md
2022-08-04T11:51:06.832Z - info: Synchronizing opened pages list before reload
2022-08-04T11:51:06.832Z - info: Current opened pages, from most-to-least recent:
2022-08-04T11:51:06.832Z - info: 1. se-book-adapted/chapters/gitAndGithub
2022-08-04T11:51:07.847Z - info: Rebuilding 1 pages
2022-08-04T11:51:08.564Z - info: Site data built
2022-08-04T11:51:08.564Z - info: Pages rebuilt
2022-08-04T11:51:08.564Z - info: Website regeneration complete! Total build time: 0.718s
2022-08-04T11:51:38.919Z - info: [7:51:38 pm] Reload for file change: C:\repos\nus-cs2103\cs2103-website-base\book\gitAndGithub\init\text.md
2022-08-04T11:51:38.920Z - info: Synchronizing opened pages list before reload
2022-08-04T11:51:38.920Z - info: Current opened pages, from most-to-least recent:
2022-08-04T11:51:38.920Z - info: 1. se-book-adapted/chapters/gitAndGithub
2022-08-04T11:51:39.935Z - info: Rebuilding 1 pages
2022-08-04T11:51:40.621Z - info: Site data built
2022-08-04T11:51:40.621Z - info: Pages rebuilt
2022-08-04T11:51:40.621Z - info: Website regeneration complete! Total build time: 0.688s
2022-08-04T11:52:57.647Z - info: [7:52:57 pm] Reload for file change: C:\repos\nus-cs2103\cs2103-website-base\book\gitAndGithub\init\text.md
2022-08-04T11:52:57.647Z - info: Synchronizing opened pages list before reload
2022-08-04T11:52:57.647Z - info: Current opened pages, from most-to-least recent:
2022-08-04T11:52:57.647Z - info: 1. se-book-adapted/chapters/gitAndGithub
2022-08-04T11:52:58.660Z - info: Rebuilding 1 pages
2022-08-04T11:52:59.552Z - info: Site data built
2022-08-04T11:52:59.553Z - info: Pages rebuilt
2022-08-04T11:52:59.553Z - info: Website regeneration complete! Total build time: 0.893s
2022-08-04T11:56:34.242Z - info: Website generation started at 7:56:32 pm
2022-08-04T11:56:44.219Z - info: Building assets...
